<?xml version="1.0" encoding="UTF-8"?>
<testsuite xmlns:xsi="http://www.w3.org/2001/XMLSchema-instance" xsi:noNamespaceSchemaLocation="https://maven.apache.org/surefire/maven-surefire-plugin/xsd/surefire-test-report.xsd" name="TestSuite" time="196.229" tests="4" errors="0" skipped="0" failures="2">
  <properties>
    <property name="gopherProxySet" value="false"/>
    <property name="awt.toolkit" value="sun.lwawt.macosx.LWCToolkit"/>
    <property name="file.encoding.pkg" value="sun.io"/>
    <property name="java.specification.version" value="1.8"/>
    <property name="sun.cpu.isalist" value=""/>
    <property name="sun.jnu.encoding" value="UTF-8"/>
    <property name="java.class.path" value="/Users/oyinodukudu/IdeaProjects/skybluetraining/target/test-classes:/Users/oyinodukudu/IdeaProjects/skybluetraining/target/classes:/Users/oyinodukudu/.m2/repository/org/testng/testng/6.14.3/testng-6.14.3.jar:/Users/oyinodukudu/.m2/repository/com/beust/jcommander/1.72/jcommander-1.72.jar:/Users/oyinodukudu/.m2/repository/org/apache-extras/beanshell/bsh/2.0b6/bsh-2.0b6.jar:/Users/oyinodukudu/.m2/repository/org/seleniumhq/selenium/selenium-java/3.11.0/selenium-java-3.11.0.jar:/Users/oyinodukudu/.m2/repository/org/seleniumhq/selenium/selenium-api/3.11.0/selenium-api-3.11.0.jar:/Users/oyinodukudu/.m2/repository/org/seleniumhq/selenium/selenium-chrome-driver/3.11.0/selenium-chrome-driver-3.11.0.jar:/Users/oyinodukudu/.m2/repository/org/seleniumhq/selenium/selenium-edge-driver/3.11.0/selenium-edge-driver-3.11.0.jar:/Users/oyinodukudu/.m2/repository/org/seleniumhq/selenium/selenium-firefox-driver/3.11.0/selenium-firefox-driver-3.11.0.jar:/Users/oyinodukudu/.m2/repository/org/seleniumhq/selenium/selenium-ie-driver/3.11.0/selenium-ie-driver-3.11.0.jar:/Users/oyinodukudu/.m2/repository/org/seleniumhq/selenium/selenium-opera-driver/3.11.0/selenium-opera-driver-3.11.0.jar:/Users/oyinodukudu/.m2/repository/org/seleniumhq/selenium/selenium-remote-driver/3.11.0/selenium-remote-driver-3.11.0.jar:/Users/oyinodukudu/.m2/repository/org/seleniumhq/selenium/selenium-safari-driver/3.11.0/selenium-safari-driver-3.11.0.jar:/Users/oyinodukudu/.m2/repository/org/seleniumhq/selenium/selenium-support/3.11.0/selenium-support-3.11.0.jar:/Users/oyinodukudu/.m2/repository/net/bytebuddy/byte-buddy/1.7.9/byte-buddy-1.7.9.jar:/Users/oyinodukudu/.m2/repository/org/apache/commons/commons-exec/1.3/commons-exec-1.3.jar:/Users/oyinodukudu/.m2/repository/commons-codec/commons-codec/1.10/commons-codec-1.10.jar:/Users/oyinodukudu/.m2/repository/commons-logging/commons-logging/1.2/commons-logging-1.2.jar:/Users/oyinodukudu/.m2/repository/com/google/code/gson/gson/2.8.2/gson-2.8.2.jar:/Users/oyinodukudu/.m2/repository/com/google/guava/guava/23.6-jre/guava-23.6-jre.jar:/Users/oyinodukudu/.m2/repository/com/google/code/findbugs/jsr305/1.3.9/jsr305-1.3.9.jar:/Users/oyinodukudu/.m2/repository/org/checkerframework/checker-compat-qual/2.0.0/checker-compat-qual-2.0.0.jar:/Users/oyinodukudu/.m2/repository/com/google/errorprone/error_prone_annotations/2.1.3/error_prone_annotations-2.1.3.jar:/Users/oyinodukudu/.m2/repository/com/google/j2objc/j2objc-annotations/1.1/j2objc-annotations-1.1.jar:/Users/oyinodukudu/.m2/repository/org/codehaus/mojo/animal-sniffer-annotations/1.14/animal-sniffer-annotations-1.14.jar:/Users/oyinodukudu/.m2/repository/org/apache/httpcomponents/httpclient/4.5.3/httpclient-4.5.3.jar:/Users/oyinodukudu/.m2/repository/org/apache/httpcomponents/httpcore/4.4.6/httpcore-4.4.6.jar:/Users/oyinodukudu/.m2/repository/com/squareup/okhttp3/okhttp/3.9.1/okhttp-3.9.1.jar:/Users/oyinodukudu/.m2/repository/com/squareup/okio/okio/1.13.0/okio-1.13.0.jar:/Users/oyinodukudu/.m2/repository/info/cukes/cucumber-java/1.2.5/cucumber-java-1.2.5.jar:/Users/oyinodukudu/.m2/repository/info/cukes/cucumber-core/1.2.5/cucumber-core-1.2.5.jar:/Users/oyinodukudu/.m2/repository/info/cukes/cucumber-html/0.2.3/cucumber-html-0.2.3.jar:/Users/oyinodukudu/.m2/repository/info/cukes/gherkin/2.12.2/gherkin-2.12.2.jar:/Users/oyinodukudu/.m2/repository/info/cukes/cucumber-jvm-deps/1.0.5/cucumber-jvm-deps-1.0.5.jar:/Users/oyinodukudu/.m2/repository/junit/junit/4.12/junit-4.12.jar:/Users/oyinodukudu/.m2/repository/org/hamcrest/hamcrest-core/1.3/hamcrest-core-1.3.jar:/Users/oyinodukudu/.m2/repository/info/cukes/cucumber-testng/1.2.5/cucumber-testng-1.2.5.jar:/Users/oyinodukudu/.m2/repository/net/masterthought/cucumber-reporting/3.8.0/cucumber-reporting-3.8.0.jar:/Users/oyinodukudu/.m2/repository/org/apache/logging/log4j/log4j-api/2.6/log4j-api-2.6.jar:/Users/oyinodukudu/.m2/repository/org/apache/logging/log4j/log4j-core/2.6/log4j-core-2.6.jar:/Users/oyinodukudu/.m2/repository/com/fasterxml/jackson/core/jackson-databind/2.8.5/jackson-databind-2.8.5.jar:/Users/oyinodukudu/.m2/repository/com/fasterxml/jackson/core/jackson-annotations/2.8.0/jackson-annotations-2.8.0.jar:/Users/oyinodukudu/.m2/repository/com/fasterxml/jackson/core/jackson-core/2.8.5/jackson-core-2.8.5.jar:/Users/oyinodukudu/.m2/repository/org/apache/velocity/velocity/1.7/velocity-1.7.jar:/Users/oyinodukudu/.m2/repository/commons-collections/commons-collections/3.2.1/commons-collections-3.2.1.jar:/Users/oyinodukudu/.m2/repository/commons-lang/commons-lang/2.4/commons-lang-2.4.jar:/Users/oyinodukudu/.m2/repository/velocity-tools/velocity-tools/1.4/velocity-tools-1.4.jar:/Users/oyinodukudu/.m2/repository/joda-time/joda-time/2.9.6/joda-time-2.9.6.jar:/Users/oyinodukudu/.m2/repository/org/apache/commons/commons-lang3/3.5/commons-lang3-3.5.jar:/Users/oyinodukudu/.m2/repository/commons-io/commons-io/2.5/commons-io-2.5.jar:/Users/oyinodukudu/.m2/repository/net/lingala/zip4j/zip4j/1.3.2/zip4j-1.3.2.jar:/Users/oyinodukudu/.m2/repository/org/codehaus/plexus/plexus-utils/3.0.24/plexus-utils-3.0.24.jar:/Users/oyinodukudu/.m2/repository/org/jsoup/jsoup/1.10.1/jsoup-1.10.1.jar:/Users/oyinodukudu/.m2/repository/com/googlecode/owasp-java-html-sanitizer/owasp-java-html-sanitizer/20160924.1/owasp-java-html-sanitizer-20160924.1.jar:/Users/oyinodukudu/.m2/repository/org/apache/maven/surefire/surefire-testng-utils/2.21.0/surefire-testng-utils-2.21.0.jar:/Users/oyinodukudu/.m2/repository/org/apache/maven/surefire/surefire-grouper/2.21.0/surefire-grouper-2.21.0.jar:"/>
    <property name="java.vm.vendor" value="Oracle Corporation"/>
    <property name="sun.arch.data.model" value="64"/>
    <property name="java.vendor.url" value="http://java.oracle.com/"/>
    <property name="user.timezone" value=""/>
    <property name="java.vm.specification.version" value="1.8"/>
    <property name="os.name" value="Mac OS X"/>
    <property name="user.country" value="GB"/>
    <property name="sun.java.launcher" value="SUN_STANDARD"/>
    <property name="sun.boot.library.path" value="/Library/Java/JavaVirtualMachines/jdk1.8.0_144.jdk/Contents/Home/jre/lib"/>
    <property name="sun.java.command" value="/Users/oyinodukudu/IdeaProjects/skybluetraining/target/surefire/surefirebooter6049693276274855771.jar /Users/oyinodukudu/IdeaProjects/skybluetraining/target/surefire 2020-04-15T21-39-56_836-jvmRun1 surefire2755297714397106168tmp surefire_06592096098479492662tmp"/>
    <property name="http.nonProxyHosts" value="local|*.local|169.254/16|*.169.254/16"/>
    <property name="surefire.test.class.path" value="/Users/oyinodukudu/IdeaProjects/skybluetraining/target/test-classes:/Users/oyinodukudu/IdeaProjects/skybluetraining/target/classes:/Users/oyinodukudu/.m2/repository/org/testng/testng/6.14.3/testng-6.14.3.jar:/Users/oyinodukudu/.m2/repository/com/beust/jcommander/1.72/jcommander-1.72.jar:/Users/oyinodukudu/.m2/repository/org/apache-extras/beanshell/bsh/2.0b6/bsh-2.0b6.jar:/Users/oyinodukudu/.m2/repository/org/seleniumhq/selenium/selenium-java/3.11.0/selenium-java-3.11.0.jar:/Users/oyinodukudu/.m2/repository/org/seleniumhq/selenium/selenium-api/3.11.0/selenium-api-3.11.0.jar:/Users/oyinodukudu/.m2/repository/org/seleniumhq/selenium/selenium-chrome-driver/3.11.0/selenium-chrome-driver-3.11.0.jar:/Users/oyinodukudu/.m2/repository/org/seleniumhq/selenium/selenium-edge-driver/3.11.0/selenium-edge-driver-3.11.0.jar:/Users/oyinodukudu/.m2/repository/org/seleniumhq/selenium/selenium-firefox-driver/3.11.0/selenium-firefox-driver-3.11.0.jar:/Users/oyinodukudu/.m2/repository/org/seleniumhq/selenium/selenium-ie-driver/3.11.0/selenium-ie-driver-3.11.0.jar:/Users/oyinodukudu/.m2/repository/org/seleniumhq/selenium/selenium-opera-driver/3.11.0/selenium-opera-driver-3.11.0.jar:/Users/oyinodukudu/.m2/repository/org/seleniumhq/selenium/selenium-remote-driver/3.11.0/selenium-remote-driver-3.11.0.jar:/Users/oyinodukudu/.m2/repository/org/seleniumhq/selenium/selenium-safari-driver/3.11.0/selenium-safari-driver-3.11.0.jar:/Users/oyinodukudu/.m2/repository/org/seleniumhq/selenium/selenium-support/3.11.0/selenium-support-3.11.0.jar:/Users/oyinodukudu/.m2/repository/net/bytebuddy/byte-buddy/1.7.9/byte-buddy-1.7.9.jar:/Users/oyinodukudu/.m2/repository/org/apache/commons/commons-exec/1.3/commons-exec-1.3.jar:/Users/oyinodukudu/.m2/repository/commons-codec/commons-codec/1.10/commons-codec-1.10.jar:/Users/oyinodukudu/.m2/repository/commons-logging/commons-logging/1.2/commons-logging-1.2.jar:/Users/oyinodukudu/.m2/repository/com/google/code/gson/gson/2.8.2/gson-2.8.2.jar:/Users/oyinodukudu/.m2/repository/com/google/guava/guava/23.6-jre/guava-23.6-jre.jar:/Users/oyinodukudu/.m2/repository/com/google/code/findbugs/jsr305/1.3.9/jsr305-1.3.9.jar:/Users/oyinodukudu/.m2/repository/org/checkerframework/checker-compat-qual/2.0.0/checker-compat-qual-2.0.0.jar:/Users/oyinodukudu/.m2/repository/com/google/errorprone/error_prone_annotations/2.1.3/error_prone_annotations-2.1.3.jar:/Users/oyinodukudu/.m2/repository/com/google/j2objc/j2objc-annotations/1.1/j2objc-annotations-1.1.jar:/Users/oyinodukudu/.m2/repository/org/codehaus/mojo/animal-sniffer-annotations/1.14/animal-sniffer-annotations-1.14.jar:/Users/oyinodukudu/.m2/repository/org/apache/httpcomponents/httpclient/4.5.3/httpclient-4.5.3.jar:/Users/oyinodukudu/.m2/repository/org/apache/httpcomponents/httpcore/4.4.6/httpcore-4.4.6.jar:/Users/oyinodukudu/.m2/repository/com/squareup/okhttp3/okhttp/3.9.1/okhttp-3.9.1.jar:/Users/oyinodukudu/.m2/repository/com/squareup/okio/okio/1.13.0/okio-1.13.0.jar:/Users/oyinodukudu/.m2/repository/info/cukes/cucumber-java/1.2.5/cucumber-java-1.2.5.jar:/Users/oyinodukudu/.m2/repository/info/cukes/cucumber-core/1.2.5/cucumber-core-1.2.5.jar:/Users/oyinodukudu/.m2/repository/info/cukes/cucumber-html/0.2.3/cucumber-html-0.2.3.jar:/Users/oyinodukudu/.m2/repository/info/cukes/gherkin/2.12.2/gherkin-2.12.2.jar:/Users/oyinodukudu/.m2/repository/info/cukes/cucumber-jvm-deps/1.0.5/cucumber-jvm-deps-1.0.5.jar:/Users/oyinodukudu/.m2/repository/junit/junit/4.12/junit-4.12.jar:/Users/oyinodukudu/.m2/repository/org/hamcrest/hamcrest-core/1.3/hamcrest-core-1.3.jar:/Users/oyinodukudu/.m2/repository/info/cukes/cucumber-testng/1.2.5/cucumber-testng-1.2.5.jar:/Users/oyinodukudu/.m2/repository/net/masterthought/cucumber-reporting/3.8.0/cucumber-reporting-3.8.0.jar:/Users/oyinodukudu/.m2/repository/org/apache/logging/log4j/log4j-api/2.6/log4j-api-2.6.jar:/Users/oyinodukudu/.m2/repository/org/apache/logging/log4j/log4j-core/2.6/log4j-core-2.6.jar:/Users/oyinodukudu/.m2/repository/com/fasterxml/jackson/core/jackson-databind/2.8.5/jackson-databind-2.8.5.jar:/Users/oyinodukudu/.m2/repository/com/fasterxml/jackson/core/jackson-annotations/2.8.0/jackson-annotations-2.8.0.jar:/Users/oyinodukudu/.m2/repository/com/fasterxml/jackson/core/jackson-core/2.8.5/jackson-core-2.8.5.jar:/Users/oyinodukudu/.m2/repository/org/apache/velocity/velocity/1.7/velocity-1.7.jar:/Users/oyinodukudu/.m2/repository/commons-collections/commons-collections/3.2.1/commons-collections-3.2.1.jar:/Users/oyinodukudu/.m2/repository/commons-lang/commons-lang/2.4/commons-lang-2.4.jar:/Users/oyinodukudu/.m2/repository/velocity-tools/velocity-tools/1.4/velocity-tools-1.4.jar:/Users/oyinodukudu/.m2/repository/joda-time/joda-time/2.9.6/joda-time-2.9.6.jar:/Users/oyinodukudu/.m2/repository/org/apache/commons/commons-lang3/3.5/commons-lang3-3.5.jar:/Users/oyinodukudu/.m2/repository/commons-io/commons-io/2.5/commons-io-2.5.jar:/Users/oyinodukudu/.m2/repository/net/lingala/zip4j/zip4j/1.3.2/zip4j-1.3.2.jar:/Users/oyinodukudu/.m2/repository/org/codehaus/plexus/plexus-utils/3.0.24/plexus-utils-3.0.24.jar:/Users/oyinodukudu/.m2/repository/org/jsoup/jsoup/1.10.1/jsoup-1.10.1.jar:/Users/oyinodukudu/.m2/repository/com/googlecode/owasp-java-html-sanitizer/owasp-java-html-sanitizer/20160924.1/owasp-java-html-sanitizer-20160924.1.jar:/Users/oyinodukudu/.m2/repository/org/apache/maven/surefire/surefire-testng-utils/2.21.0/surefire-testng-utils-2.21.0.jar:/Users/oyinodukudu/.m2/repository/org/apache/maven/surefire/surefire-grouper/2.21.0/surefire-grouper-2.21.0.jar:"/>
    <property name="sun.cpu.endian" value="little"/>
    <property name="user.home" value="/Users/oyinodukudu"/>
    <property name="user.language" value="en"/>
    <property name="java.specification.vendor" value="Oracle Corporation"/>
    <property name="java.home" value="/Library/Java/JavaVirtualMachines/jdk1.8.0_144.jdk/Contents/Home/jre"/>
    <property name="basedir" value="/Users/oyinodukudu/IdeaProjects/skybluetraining"/>
    <property name="file.separator" value="/"/>
    <property name="line.separator" value="&#10;"/>
    <property name="java.vm.specification.vendor" value="Oracle Corporation"/>
    <property name="java.specification.name" value="Java Platform API Specification"/>
    <property name="java.awt.graphicsenv" value="sun.awt.CGraphicsEnvironment"/>
    <property name="surefire.real.class.path" value="/Users/oyinodukudu/IdeaProjects/skybluetraining/target/surefire/surefirebooter6049693276274855771.jar"/>
    <property name="sun.boot.class.path" value="/Library/Java/JavaVirtualMachines/jdk1.8.0_144.jdk/Contents/Home/jre/lib/resources.jar:/Library/Java/JavaVirtualMachines/jdk1.8.0_144.jdk/Contents/Home/jre/lib/rt.jar:/Library/Java/JavaVirtualMachines/jdk1.8.0_144.jdk/Contents/Home/jre/lib/sunrsasign.jar:/Library/Java/JavaVirtualMachines/jdk1.8.0_144.jdk/Contents/Home/jre/lib/jsse.jar:/Library/Java/JavaVirtualMachines/jdk1.8.0_144.jdk/Contents/Home/jre/lib/jce.jar:/Library/Java/JavaVirtualMachines/jdk1.8.0_144.jdk/Contents/Home/jre/lib/charsets.jar:/Library/Java/JavaVirtualMachines/jdk1.8.0_144.jdk/Contents/Home/jre/lib/jfr.jar:/Library/Java/JavaVirtualMachines/jdk1.8.0_144.jdk/Contents/Home/jre/classes"/>
    <property name="sun.management.compiler" value="HotSpot 64-Bit Tiered Compilers"/>
    <property name="ftp.nonProxyHosts" value="local|*.local|169.254/16|*.169.254/16"/>
    <property name="java.runtime.version" value="1.8.0_144-b01"/>
    <property name="user.name" value="oyinodukudu"/>
    <property name="path.separator" value=":"/>
    <property name="os.version" value="10.15.4"/>
    <property name="java.endorsed.dirs" value="/Library/Java/JavaVirtualMachines/jdk1.8.0_144.jdk/Contents/Home/jre/lib/endorsed"/>
    <property name="java.runtime.name" value="Java(TM) SE Runtime Environment"/>
    <property name="file.encoding" value="UTF-8"/>
    <property name="java.vm.name" value="Java HotSpot(TM) 64-Bit Server VM"/>
    <property name="localRepository" value="/Users/oyinodukudu/.m2/repository"/>
    <property name="java.vendor.url.bug" value="http://bugreport.sun.com/bugreport/"/>
    <property name="java.io.tmpdir" value="/var/folders/lt/gpcsr8bn11743k4mscsg0gf80000gn/T/"/>
    <property name="idea.version" value="2018.2"/>
    <property name="java.version" value="1.8.0_144"/>
    <property name="user.dir" value="/Users/oyinodukudu/IdeaProjects/skybluetraining"/>
    <property name="os.arch" value="x86_64"/>
    <property name="java.vm.specification.name" value="Java Virtual Machine Specification"/>
    <property name="java.awt.printerjob" value="sun.lwawt.macosx.CPrinterJob"/>
    <property name="sun.os.patch.level" value="unknown"/>
    <property name="java.library.path" value="/Users/oyinodukudu/Library/Java/Extensions:/Library/Java/Extensions:/Network/Library/Java/Extensions:/System/Library/Java/Extensions:/usr/lib/java:."/>
    <property name="java.vm.info" value="mixed mode"/>
    <property name="java.vendor" value="Oracle Corporation"/>
    <property name="java.vm.version" value="25.144-b01"/>
    <property name="java.ext.dirs" value="/Users/oyinodukudu/Library/Java/Extensions:/Library/Java/JavaVirtualMachines/jdk1.8.0_144.jdk/Contents/Home/jre/lib/ext:/Library/Java/Extensions:/Network/Library/Java/Extensions:/System/Library/Java/Extensions:/usr/lib/java"/>
    <property name="sun.io.unicode.encoding" value="UnicodeBig"/>
    <property name="java.class.version" value="52.0"/>
    <property name="socksNonProxyHosts" value="local|*.local|169.254/16|*.169.254/16"/>
  </properties>
  <testcase name="feature" classname="runners.TestRunner" time="0.293"/>
  <testcase name="feature" classname="runners.TestRunner" time="150.603">
    <failure message="org.openqa.selenium.WebDriverException: java.net.ConnectException: Failed to connect to localhost/0:0:0:0:0:0:0:1:25496&#10;Build info: version: &apos;3.11.0&apos;, revision: &apos;e59cfb3&apos;, time: &apos;2018-03-11T20:26:55.152Z&apos;&#10;System info: host: &apos;Oluwaseuns-MacBook-Air.local&apos;, ip: &apos;fe80:0:0:0:31:e06c:6b0c:1021%en0&apos;, os.name: &apos;Mac OS X&apos;, os.arch: &apos;x86_64&apos;, os.version: &apos;10.15.4&apos;, java.version: &apos;1.8.0_144&apos;&#10;Driver info: driver.version: FirefoxDriver" type="cucumber.runtime.CucumberException">cucumber.runtime.CucumberException: 
org.openqa.selenium.WebDriverException: java.net.ConnectException: Failed to connect to localhost/0:0:0:0:0:0:0:1:25496
Build info: version: '3.11.0', revision: 'e59cfb3', time: '2018-03-11T20:26:55.152Z'
System info: host: 'Oluwaseuns-MacBook-Air.local', ip: 'fe80:0:0:0:31:e06c:6b0c:1021%en0', os.name: 'Mac OS X', os.arch: 'x86_64', os.version: '10.15.4', java.version: '1.8.0_144'
Driver info: driver.version: FirefoxDriver
	at runners.TestRunner.feature(TestRunner.java:31)
Caused by: org.openqa.selenium.WebDriverException: 
java.net.ConnectException: Failed to connect to localhost/0:0:0:0:0:0:0:1:25496
Build info: version: '3.11.0', revision: 'e59cfb3', time: '2018-03-11T20:26:55.152Z'
System info: host: 'Oluwaseuns-MacBook-Air.local', ip: 'fe80:0:0:0:31:e06c:6b0c:1021%en0', os.name: 'Mac OS X', os.arch: 'x86_64', os.version: '10.15.4', java.version: '1.8.0_144'
Driver info: driver.version: FirefoxDriver
Caused by: java.net.ConnectException: Failed to connect to localhost/0:0:0:0:0:0:0:1:25496
	at runners.TestRunner.feature(TestRunner.java:31)
Caused by: java.net.ConnectException: Connection refused (Connection refused)
	at runners.TestRunner.feature(TestRunner.java:31)
</failure>
    <system-out><![CDATA[Feature: Login
  As a user of giftrete, I want to login to the site

  Background:                          &amp#27;[90m# login.feature:4&amp#27;[0m
    &amp#27;[31mGiven &amp#27;[0m&amp#27;[31mI navigate to dev.giftrt.com&amp#27;[0m &amp#27;[90m# Login.iNavigateToDevGiftrtCom()&amp#27;[0m
      &amp#27;[31morg.openqa.selenium.WebDriverException: java.net.ConnectException: Failed to connect to localhost/0:0:0:0:0:0:0:1:25496
      Build info: version: '3.11.0', revision: 'e59cfb3', time: '2018-03-11T20:26:55.152Z'
      System info: host: 'Oluwaseuns-MacBook-Air.local', ip: 'fe80:0:0:0:31:e06c:6b0c:1021%en0', os.name: 'Mac OS X', os.arch: 'x86_64', os.version: '10.15.4', java.version: '1.8.0_144'
      Driver info: driver.version: FirefoxDriver
      	at org.openqa.selenium.remote.service.DriverCommandExecutor.execute(DriverCommandExecutor.java:92)
      	at org.openqa.selenium.remote.RemoteWebDriver.execute(RemoteWebDriver.java:545)
      	at org.openqa.selenium.remote.RemoteWebDriver.startSession(RemoteWebDriver.java:209)
      	at org.openqa.selenium.remote.RemoteWebDriver.<init>(RemoteWebDriver.java:132)
      	at org.openqa.selenium.firefox.FirefoxDriver.<init>(FirefoxDriver.java:120)
      	at org.openqa.selenium.firefox.FirefoxDriver.<init>(FirefoxDriver.java:98)
      	at StepDefinitions.Login.iNavigateToDevGiftrtCom(Login.java:21)
      	at ✽.Given I navigate to dev.giftrt.com(login.feature:5)
      Caused by: java.net.ConnectException: Failed to connect to localhost/0:0:0:0:0:0:0:1:25496
      	at okhttp3.internal.connection.RealConnection.connectSocket(RealConnection.java:240)
      	at okhttp3.internal.connection.RealConnection.connect(RealConnection.java:158)
      	at okhttp3.internal.connection.StreamAllocation.findConnection(StreamAllocation.java:256)
      	at okhttp3.internal.connection.StreamAllocation.findHealthyConnection(StreamAllocation.java:134)
      	at okhttp3.internal.connection.StreamAllocation.newStream(StreamAllocation.java:113)
      	at okhttp3.internal.connection.ConnectInterceptor.intercept(ConnectInterceptor.java:42)
      	at okhttp3.internal.http.RealInterceptorChain.proceed(RealInterceptorChain.java:147)
      	at okhttp3.internal.http.RealInterceptorChain.proceed(RealInterceptorChain.java:121)
      	at okhttp3.internal.cache.CacheInterceptor.intercept(CacheInterceptor.java:93)
      	at okhttp3.internal.http.RealInterceptorChain.proceed(RealInterceptorChain.java:147)
      	at okhttp3.internal.http.RealInterceptorChain.proceed(RealInterceptorChain.java:121)
      	at okhttp3.internal.http.BridgeInterceptor.intercept(BridgeInterceptor.java:93)
      	at okhttp3.internal.http.RealInterceptorChain.proceed(RealInterceptorChain.java:147)
      	at okhttp3.internal.http.RetryAndFollowUpInterceptor.intercept(RetryAndFollowUpInterceptor.java:125)
      	at okhttp3.internal.http.RealInterceptorChain.proceed(RealInterceptorChain.java:147)
      	at okhttp3.internal.http.RealInterceptorChain.proceed(RealInterceptorChain.java:121)
      	at okhttp3.RealCall.getResponseWithInterceptorChain(RealCall.java:200)
      	at okhttp3.RealCall.execute(RealCall.java:77)
      	at org.openqa.selenium.remote.internal.OkHttpClient.execute(OkHttpClient.java:101)
      	at org.openqa.selenium.remote.ProtocolHandshake.createSession(ProtocolHandshake.java:101)
      	at org.openqa.selenium.remote.ProtocolHandshake.createSession(ProtocolHandshake.java:73)
      	at org.openqa.selenium.remote.HttpCommandExecutor.execute(HttpCommandExecutor.java:136)
      	at org.openqa.selenium.remote.service.DriverCommandExecutor.execute(DriverCommandExecutor.java:83)
      	at org.openqa.selenium.remote.RemoteWebDriver.execute(RemoteWebDriver.java:545)
      	at org.openqa.selenium.remote.RemoteWebDriver.startSession(RemoteWebDriver.java:209)
      	at org.openqa.selenium.remote.RemoteWebDriver.<init>(RemoteWebDriver.java:132)
      	at org.openqa.selenium.firefox.FirefoxDriver.<init>(FirefoxDriver.java:120)
      	at org.openqa.selenium.firefox.FirefoxDriver.<init>(FirefoxDriver.java:98)
      	at StepDefinitions.Login.iNavigateToDevGiftrtCom(Login.java:21)
      	at sun.reflect.NativeMethodAccessorImpl.invoke0(Native Method)
      	at sun.reflect.NativeMethodAccessorImpl.invoke(NativeMethodAccessorImpl.java:62)
      	at sun.reflect.DelegatingMethodAccessorImpl.invoke(DelegatingMethodAccessorImpl.java:43)
      	at java.lang.reflect.Method.invoke(Method.java:498)
      	at cucumber.runtime.Utils$1.call(Utils.java:40)
      	at cucumber.runtime.Timeout.timeout(Timeout.java:16)
      	at cucumber.runtime.Utils.invoke(Utils.java:34)
      	at cucumber.runtime.java.JavaStepDefinition.execute(JavaStepDefinition.java:38)
      	at cucumber.runtime.StepDefinitionMatch.runStep(StepDefinitionMatch.java:37)
      	at cucumber.runtime.Runtime.runStep(Runtime.java:300)
      	at cucumber.runtime.model.StepContainer.runStep(StepContainer.java:44)
      	at cucumber.runtime.model.StepContainer.runSteps(StepContainer.java:39)
      	at cucumber.runtime.model.CucumberScenario.runBackground(CucumberScenario.java:59)
      	at cucumber.runtime.model.CucumberScenario.run(CucumberScenario.java:42)
      	at cucumber.runtime.model.CucumberFeature.run(CucumberFeature.java:165)
      	at cucumber.api.testng.TestNGCucumberRunner.runCucumber(TestNGCucumberRunner.java:63)
      	at runners.TestRunner.feature(TestRunner.java:31)
      	at sun.reflect.NativeMethodAccessorImpl.invoke0(Native Method)
      	at sun.reflect.NativeMethodAccessorImpl.invoke(NativeMethodAccessorImpl.java:62)
      	at sun.reflect.DelegatingMethodAccessorImpl.invoke(DelegatingMethodAccessorImpl.java:43)
      	at java.lang.reflect.Method.invoke(Method.java:498)
      	at org.testng.internal.MethodInvocationHelper.invokeMethod(MethodInvocationHelper.java:124)
      	at org.testng.internal.Invoker.invokeMethod(Invoker.java:583)
      	at org.testng.internal.Invoker.invokeTestMethod(Invoker.java:719)
      	at org.testng.internal.Invoker.invokeTestMethods(Invoker.java:989)
      	at org.testng.internal.TestMethodWorker.invokeTestMethods(TestMethodWorker.java:125)
      	at org.testng.internal.TestMethodWorker.run(TestMethodWorker.java:109)
      	at org.testng.TestRunner.privateRun(TestRunner.java:648)
      	at org.testng.TestRunner.run(TestRunner.java:505)
      	at org.testng.SuiteRunner.runTest(SuiteRunner.java:455)
      	at org.testng.SuiteRunner.access$000(SuiteRunner.java:40)
      	at org.testng.SuiteRunner$SuiteWorker.run(SuiteRunner.java:489)
      	at org.testng.internal.thread.ThreadUtil$1.call(ThreadUtil.java:52)
      	at java.util.concurrent.FutureTask.run(FutureTask.java:266)
      	at java.util.concurrent.ThreadPoolExecutor.runWorker(ThreadPoolExecutor.java:1149)
      	at java.util.concurrent.ThreadPoolExecutor$Worker.run(ThreadPoolExecutor.java:624)
      	at java.lang.Thread.run(Thread.java:748)
      Caused by: java.net.ConnectException: Connection refused (Connection refused)
      	at java.net.PlainSocketImpl.socketConnect(Native Method)
      	at java.net.AbstractPlainSocketImpl.doConnect(AbstractPlainSocketImpl.java:350)
      	at java.net.AbstractPlainSocketImpl.connectToAddress(AbstractPlainSocketImpl.java:206)
      	at java.net.AbstractPlainSocketImpl.connect(AbstractPlainSocketImpl.java:188)
      	at java.net.SocksSocketImpl.connect(SocksSocketImpl.java:392)
      	at java.net.Socket.connect(Socket.java:589)
      	at okhttp3.internal.platform.Platform.connectSocket(Platform.java:125)
      	at okhttp3.internal.connection.RealConnection.connectSocket(RealConnection.java:238)
      	... 65 more
      &amp#27;[0m
    &amp#27;[36mWhen &amp#27;[0m&amp#27;[36mI click on the login page&amp#27;[0m     &amp#27;[90m# Login.iClickOnTheLoginPage()&amp#27;[0m

  @valid @smoke
  Scenario: Valid Login               &amp#27;[90m# login.feature:9&amp#27;[0m
    &amp#27;[36mAnd &amp#27;[0m&amp#27;[36mI enter the username&amp#27;[0m          &amp#27;[90m# Login.iEnterTheUsername()&amp#27;[0m
    &amp#27;[36mAnd &amp#27;[0m&amp#27;[36mI enter the password&amp#27;[0m          &amp#27;[90m# Login.iEnterThePassword()&amp#27;[0m
    &amp#27;[36mAnd &amp#27;[0m&amp#27;[36mI click on the sign in button&amp#27;[0m &amp#27;[90m# Login.iClickOnTheSignInButton()&amp#27;[0m
    &amp#27;[36mThen &amp#27;[0m&amp#27;[36mI should be able to log-in&amp#27;[0m   &amp#27;[90m# Login.iShouldBeAbleToLogIn()&amp#27;[0m
    &amp#27;[36mAnd &amp#27;[0m&amp#27;[36mI close the broswer&amp#27;[0m           &amp#27;[90m# Login.iCloseTheBroswer()&amp#27;[0m

  Background:                          &amp#27;[90m# login.feature:4&amp#27;[0m
    &amp#27;[31mGiven &amp#27;[0m&amp#27;[31mI navigate to dev.giftrt.com&amp#27;[0m &amp#27;[90m# Login.iNavigateToDevGiftrtCom()&amp#27;[0m
      &amp#27;[31morg.openqa.selenium.WebDriverException: java.net.ConnectException: Failed to connect to localhost/0:0:0:0:0:0:0:1:26582
      Build info: version: '3.11.0', revision: 'e59cfb3', time: '2018-03-11T20:26:55.152Z'
      System info: host: 'Oluwaseuns-MacBook-Air.local', ip: 'fe80:0:0:0:31:e06c:6b0c:1021%en0', os.name: 'Mac OS X', os.arch: 'x86_64', os.version: '10.15.4', java.version: '1.8.0_144'
      Driver info: driver.version: FirefoxDriver
      	at org.openqa.selenium.remote.service.DriverCommandExecutor.execute(DriverCommandExecutor.java:92)
      	at org.openqa.selenium.remote.RemoteWebDriver.execute(RemoteWebDriver.java:545)
      	at org.openqa.selenium.remote.RemoteWebDriver.startSession(RemoteWebDriver.java:209)
      	at org.openqa.selenium.remote.RemoteWebDriver.<init>(RemoteWebDriver.java:132)
      	at org.openqa.selenium.firefox.FirefoxDriver.<init>(FirefoxDriver.java:120)
      	at org.openqa.selenium.firefox.FirefoxDriver.<init>(FirefoxDriver.java:98)
      	at StepDefinitions.Login.iNavigateToDevGiftrtCom(Login.java:21)
      	at ✽.Given I navigate to dev.giftrt.com(login.feature:5)
      Caused by: java.net.ConnectException: Failed to connect to localhost/0:0:0:0:0:0:0:1:26582
      	at okhttp3.internal.connection.RealConnection.connectSocket(RealConnection.java:240)
      	at okhttp3.internal.connection.RealConnection.connect(RealConnection.java:158)
      	at okhttp3.internal.connection.StreamAllocation.findConnection(StreamAllocation.java:256)
      	at okhttp3.internal.connection.StreamAllocation.findHealthyConnection(StreamAllocation.java:134)
      	at okhttp3.internal.connection.StreamAllocation.newStream(StreamAllocation.java:113)
      	at okhttp3.internal.connection.ConnectInterceptor.intercept(ConnectInterceptor.java:42)
      	at okhttp3.internal.http.RealInterceptorChain.proceed(RealInterceptorChain.java:147)
      	at okhttp3.internal.http.RealInterceptorChain.proceed(RealInterceptorChain.java:121)
      	at okhttp3.internal.cache.CacheInterceptor.intercept(CacheInterceptor.java:93)
      	at okhttp3.internal.http.RealInterceptorChain.proceed(RealInterceptorChain.java:147)
      	at okhttp3.internal.http.RealInterceptorChain.proceed(RealInterceptorChain.java:121)
      	at okhttp3.internal.http.BridgeInterceptor.intercept(BridgeInterceptor.java:93)
      	at okhttp3.internal.http.RealInterceptorChain.proceed(RealInterceptorChain.java:147)
      	at okhttp3.internal.http.RetryAndFollowUpInterceptor.intercept(RetryAndFollowUpInterceptor.java:125)
      	at okhttp3.internal.http.RealInterceptorChain.proceed(RealInterceptorChain.java:147)
      	at okhttp3.internal.http.RealInterceptorChain.proceed(RealInterceptorChain.java:121)
      	at okhttp3.RealCall.getResponseWithInterceptorChain(RealCall.java:200)
      	at okhttp3.RealCall.execute(RealCall.java:77)
      	at org.openqa.selenium.remote.internal.OkHttpClient.execute(OkHttpClient.java:101)
      	at org.openqa.selenium.remote.ProtocolHandshake.createSession(ProtocolHandshake.java:101)
      	at org.openqa.selenium.remote.ProtocolHandshake.createSession(ProtocolHandshake.java:73)
      	at org.openqa.selenium.remote.HttpCommandExecutor.execute(HttpCommandExecutor.java:136)
      	at org.openqa.selenium.remote.service.DriverCommandExecutor.execute(DriverCommandExecutor.java:83)
      	at org.openqa.selenium.remote.RemoteWebDriver.execute(RemoteWebDriver.java:545)
      	at org.openqa.selenium.remote.RemoteWebDriver.startSession(RemoteWebDriver.java:209)
      	at org.openqa.selenium.remote.RemoteWebDriver.<init>(RemoteWebDriver.java:132)
      	at org.openqa.selenium.firefox.FirefoxDriver.<init>(FirefoxDriver.java:120)
      	at org.openqa.selenium.firefox.FirefoxDriver.<init>(FirefoxDriver.java:98)
      	at StepDefinitions.Login.iNavigateToDevGiftrtCom(Login.java:21)
      	at sun.reflect.NativeMethodAccessorImpl.invoke0(Native Method)
      	at sun.reflect.NativeMethodAccessorImpl.invoke(NativeMethodAccessorImpl.java:62)
      	at sun.reflect.DelegatingMethodAccessorImpl.invoke(DelegatingMethodAccessorImpl.java:43)
      	at java.lang.reflect.Method.invoke(Method.java:498)
      	at cucumber.runtime.Utils$1.call(Utils.java:40)
      	at cucumber.runtime.Timeout.timeout(Timeout.java:16)
      	at cucumber.runtime.Utils.invoke(Utils.java:34)
      	at cucumber.runtime.java.JavaStepDefinition.execute(JavaStepDefinition.java:38)
      	at cucumber.runtime.StepDefinitionMatch.runStep(StepDefinitionMatch.java:37)
      	at cucumber.runtime.Runtime.runStep(Runtime.java:300)
      	at cucumber.runtime.model.StepContainer.runStep(StepContainer.java:44)
      	at cucumber.runtime.model.StepContainer.runSteps(StepContainer.java:39)
      	at cucumber.runtime.model.CucumberScenario.runBackground(CucumberScenario.java:59)
      	at cucumber.runtime.model.CucumberScenario.run(CucumberScenario.java:42)
      	at cucumber.runtime.model.CucumberFeature.run(CucumberFeature.java:165)
      	at cucumber.api.testng.TestNGCucumberRunner.runCucumber(TestNGCucumberRunner.java:63)
      	at runners.TestRunner.feature(TestRunner.java:31)
      	at sun.reflect.NativeMethodAccessorImpl.invoke0(Native Method)
      	at sun.reflect.NativeMethodAccessorImpl.invoke(NativeMethodAccessorImpl.java:62)
      	at sun.reflect.DelegatingMethodAccessorImpl.invoke(DelegatingMethodAccessorImpl.java:43)
      	at java.lang.reflect.Method.invoke(Method.java:498)
      	at org.testng.internal.MethodInvocationHelper.invokeMethod(MethodInvocationHelper.java:124)
      	at org.testng.internal.Invoker.invokeMethod(Invoker.java:583)
      	at org.testng.internal.Invoker.invokeTestMethod(Invoker.java:719)
      	at org.testng.internal.Invoker.invokeTestMethods(Invoker.java:989)
      	at org.testng.internal.TestMethodWorker.invokeTestMethods(TestMethodWorker.java:125)
      	at org.testng.internal.TestMethodWorker.run(TestMethodWorker.java:109)
      	at org.testng.TestRunner.privateRun(TestRunner.java:648)
      	at org.testng.TestRunner.run(TestRunner.java:505)
      	at org.testng.SuiteRunner.runTest(SuiteRunner.java:455)
      	at org.testng.SuiteRunner.access$000(SuiteRunner.java:40)
      	at org.testng.SuiteRunner$SuiteWorker.run(SuiteRunner.java:489)
      	at org.testng.internal.thread.ThreadUtil$1.call(ThreadUtil.java:52)
      	at java.util.concurrent.FutureTask.run(FutureTask.java:266)
      	at java.util.concurrent.ThreadPoolExecutor.runWorker(ThreadPoolExecutor.java:1149)
      	at java.util.concurrent.ThreadPoolExecutor$Worker.run(ThreadPoolExecutor.java:624)
      	at java.lang.Thread.run(Thread.java:748)
      Caused by: java.net.ConnectException: Connection refused (Connection refused)
      	at java.net.PlainSocketImpl.socketConnect(Native Method)
      	at java.net.AbstractPlainSocketImpl.doConnect(AbstractPlainSocketImpl.java:350)
      	at java.net.AbstractPlainSocketImpl.connectToAddress(AbstractPlainSocketImpl.java:206)
      	at java.net.AbstractPlainSocketImpl.connect(AbstractPlainSocketImpl.java:188)
      	at java.net.SocksSocketImpl.connect(SocksSocketImpl.java:392)
      	at java.net.Socket.connect(Socket.java:589)
      	at okhttp3.internal.platform.Platform.connectSocket(Platform.java:125)
      	at okhttp3.internal.connection.RealConnection.connectSocket(RealConnection.java:238)
      	... 65 more
      &amp#27;[0m
    &amp#27;[36mWhen &amp#27;[0m&amp#27;[36mI click on the login page&amp#27;[0m     &amp#27;[90m# Login.iClickOnTheLoginPage()&amp#27;[0m

  @invalid @regression
  Scenario: Login with invalid password &amp#27;[90m# login.feature:17&amp#27;[0m
    &amp#27;[36mAnd &amp#27;[0m&amp#27;[36mI enter correct username&amp#27;[0m        &amp#27;[90m# Login.iEnterCorrectUsername()&amp#27;[0m
    &amp#27;[36mAnd &amp#27;[0m&amp#27;[36mI enter incorrect password&amp#27;[0m      &amp#27;[90m# Login.iEnterIncorrectPassword()&amp#27;[0m
    &amp#27;[36mAnd &amp#27;[0m&amp#27;[36mI click on the sign in button&amp#27;[0m   &amp#27;[90m# Login.iClickOnTheSignInButton()&amp#27;[0m
    &amp#27;[36mThen &amp#27;[0m&amp#27;[36mI should not be able to log-in&amp#27;[0m &amp#27;[90m# Login.iShouldNotBeAbleToLogIn()&amp#27;[0m
    &amp#27;[36mAnd &amp#27;[0m&amp#27;[36mI close the broswer&amp#27;[0m             &amp#27;[90m# Login.iCloseTheBroswer()&amp#27;[0m

  Background:                          &amp#27;[90m# login.feature:4&amp#27;[0m
    &amp#27;[31mGiven &amp#27;[0m&amp#27;[31mI navigate to dev.giftrt.com&amp#27;[0m &amp#27;[90m# Login.iNavigateToDevGiftrtCom()&amp#27;[0m
      &amp#27;[31morg.openqa.selenium.WebDriverException: java.net.ConnectException: Failed to connect to localhost/0:0:0:0:0:0:0:1:5710
      Build info: version: '3.11.0', revision: 'e59cfb3', time: '2018-03-11T20:26:55.152Z'
      System info: host: 'Oluwaseuns-MacBook-Air.local', ip: 'fe80:0:0:0:31:e06c:6b0c:1021%en0', os.name: 'Mac OS X', os.arch: 'x86_64', os.version: '10.15.4', java.version: '1.8.0_144'
      Driver info: driver.version: FirefoxDriver
      	at org.openqa.selenium.remote.service.DriverCommandExecutor.execute(DriverCommandExecutor.java:92)
      	at org.openqa.selenium.remote.RemoteWebDriver.execute(RemoteWebDriver.java:545)
      	at org.openqa.selenium.remote.RemoteWebDriver.startSession(RemoteWebDriver.java:209)
      	at org.openqa.selenium.remote.RemoteWebDriver.<init>(RemoteWebDriver.java:132)
      	at org.openqa.selenium.firefox.FirefoxDriver.<init>(FirefoxDriver.java:120)
      	at org.openqa.selenium.firefox.FirefoxDriver.<init>(FirefoxDriver.java:98)
      	at StepDefinitions.Login.iNavigateToDevGiftrtCom(Login.java:21)
      	at ✽.Given I navigate to dev.giftrt.com(login.feature:5)
      Caused by: java.net.ConnectException: Failed to connect to localhost/0:0:0:0:0:0:0:1:5710
      	at okhttp3.internal.connection.RealConnection.connectSocket(RealConnection.java:240)
      	at okhttp3.internal.connection.RealConnection.connect(RealConnection.java:158)
      	at okhttp3.internal.connection.StreamAllocation.findConnection(StreamAllocation.java:256)
      	at okhttp3.internal.connection.StreamAllocation.findHealthyConnection(StreamAllocation.java:134)
      	at okhttp3.internal.connection.StreamAllocation.newStream(StreamAllocation.java:113)
      	at okhttp3.internal.connection.ConnectInterceptor.intercept(ConnectInterceptor.java:42)
      	at okhttp3.internal.http.RealInterceptorChain.proceed(RealInterceptorChain.java:147)
      	at okhttp3.internal.http.RealInterceptorChain.proceed(RealInterceptorChain.java:121)
      	at okhttp3.internal.cache.CacheInterceptor.intercept(CacheInterceptor.java:93)
      	at okhttp3.internal.http.RealInterceptorChain.proceed(RealInterceptorChain.java:147)
      	at okhttp3.internal.http.RealInterceptorChain.proceed(RealInterceptorChain.java:121)
      	at okhttp3.internal.http.BridgeInterceptor.intercept(BridgeInterceptor.java:93)
      	at okhttp3.internal.http.RealInterceptorChain.proceed(RealInterceptorChain.java:147)
      	at okhttp3.internal.http.RetryAndFollowUpInterceptor.intercept(RetryAndFollowUpInterceptor.java:125)
      	at okhttp3.internal.http.RealInterceptorChain.proceed(RealInterceptorChain.java:147)
      	at okhttp3.internal.http.RealInterceptorChain.proceed(RealInterceptorChain.java:121)
      	at okhttp3.RealCall.getResponseWithInterceptorChain(RealCall.java:200)
      	at okhttp3.RealCall.execute(RealCall.java:77)
      	at org.openqa.selenium.remote.internal.OkHttpClient.execute(OkHttpClient.java:101)
      	at org.openqa.selenium.remote.ProtocolHandshake.createSession(ProtocolHandshake.java:101)
      	at org.openqa.selenium.remote.ProtocolHandshake.createSession(ProtocolHandshake.java:73)
      	at org.openqa.selenium.remote.HttpCommandExecutor.execute(HttpCommandExecutor.java:136)
      	at org.openqa.selenium.remote.service.DriverCommandExecutor.execute(DriverCommandExecutor.java:83)
      	at org.openqa.selenium.remote.RemoteWebDriver.execute(RemoteWebDriver.java:545)
      	at org.openqa.selenium.remote.RemoteWebDriver.startSession(RemoteWebDriver.java:209)
      	at org.openqa.selenium.remote.RemoteWebDriver.<init>(RemoteWebDriver.java:132)
      	at org.openqa.selenium.firefox.FirefoxDriver.<init>(FirefoxDriver.java:120)
      	at org.openqa.selenium.firefox.FirefoxDriver.<init>(FirefoxDriver.java:98)
      	at StepDefinitions.Login.iNavigateToDevGiftrtCom(Login.java:21)
      	at sun.reflect.NativeMethodAccessorImpl.invoke0(Native Method)
      	at sun.reflect.NativeMethodAccessorImpl.invoke(NativeMethodAccessorImpl.java:62)
      	at sun.reflect.DelegatingMethodAccessorImpl.invoke(DelegatingMethodAccessorImpl.java:43)
      	at java.lang.reflect.Method.invoke(Method.java:498)
      	at cucumber.runtime.Utils$1.call(Utils.java:40)
      	at cucumber.runtime.Timeout.timeout(Timeout.java:16)
      	at cucumber.runtime.Utils.invoke(Utils.java:34)
      	at cucumber.runtime.java.JavaStepDefinition.execute(JavaStepDefinition.java:38)
      	at cucumber.runtime.StepDefinitionMatch.runStep(StepDefinitionMatch.java:37)
      	at cucumber.runtime.Runtime.runStep(Runtime.java:300)
      	at cucumber.runtime.model.StepContainer.runStep(StepContainer.java:44)
      	at cucumber.runtime.model.StepContainer.runSteps(StepContainer.java:39)
      	at cucumber.runtime.model.CucumberScenario.runBackground(CucumberScenario.java:59)
      	at cucumber.runtime.model.CucumberScenario.run(CucumberScenario.java:42)
      	at cucumber.runtime.model.CucumberFeature.run(CucumberFeature.java:165)
      	at cucumber.api.testng.TestNGCucumberRunner.runCucumber(TestNGCucumberRunner.java:63)
      	at runners.TestRunner.feature(TestRunner.java:31)
      	at sun.reflect.NativeMethodAccessorImpl.invoke0(Native Method)
      	at sun.reflect.NativeMethodAccessorImpl.invoke(NativeMethodAccessorImpl.java:62)
      	at sun.reflect.DelegatingMethodAccessorImpl.invoke(DelegatingMethodAccessorImpl.java:43)
      	at java.lang.reflect.Method.invoke(Method.java:498)
      	at org.testng.internal.MethodInvocationHelper.invokeMethod(MethodInvocationHelper.java:124)
      	at org.testng.internal.Invoker.invokeMethod(Invoker.java:583)
      	at org.testng.internal.Invoker.invokeTestMethod(Invoker.java:719)
      	at org.testng.internal.Invoker.invokeTestMethods(Invoker.java:989)
      	at org.testng.internal.TestMethodWorker.invokeTestMethods(TestMethodWorker.java:125)
      	at org.testng.internal.TestMethodWorker.run(TestMethodWorker.java:109)
      	at org.testng.TestRunner.privateRun(TestRunner.java:648)
      	at org.testng.TestRunner.run(TestRunner.java:505)
      	at org.testng.SuiteRunner.runTest(SuiteRunner.java:455)
      	at org.testng.SuiteRunner.access$000(SuiteRunner.java:40)
      	at org.testng.SuiteRunner$SuiteWorker.run(SuiteRunner.java:489)
      	at org.testng.internal.thread.ThreadUtil$1.call(ThreadUtil.java:52)
      	at java.util.concurrent.FutureTask.run(FutureTask.java:266)
      	at java.util.concurrent.ThreadPoolExecutor.runWorker(ThreadPoolExecutor.java:1149)
      	at java.util.concurrent.ThreadPoolExecutor$Worker.run(ThreadPoolExecutor.java:624)
      	at java.lang.Thread.run(Thread.java:748)
      Caused by: java.net.ConnectException: Connection refused (Connection refused)
      	at java.net.PlainSocketImpl.socketConnect(Native Method)
      	at java.net.AbstractPlainSocketImpl.doConnect(AbstractPlainSocketImpl.java:350)
      	at java.net.AbstractPlainSocketImpl.connectToAddress(AbstractPlainSocketImpl.java:206)
      	at java.net.AbstractPlainSocketImpl.connect(AbstractPlainSocketImpl.java:188)
      	at java.net.SocksSocketImpl.connect(SocksSocketImpl.java:392)
      	at java.net.Socket.connect(Socket.java:589)
      	at okhttp3.internal.platform.Platform.connectSocket(Platform.java:125)
      	at okhttp3.internal.connection.RealConnection.connectSocket(RealConnection.java:238)
      	... 65 more
      &amp#27;[0m
    &amp#27;[36mWhen &amp#27;[0m&amp#27;[36mI click on the login page&amp#27;[0m     &amp#27;[90m# Login.iClickOnTheLoginPage()&amp#27;[0m

  @invalid
  Scenario: Login with invalid username &amp#27;[90m# login.feature:25&amp#27;[0m
    &amp#27;[36mAnd &amp#27;[0m&amp#27;[36mI enter invalid username&amp#27;[0m        &amp#27;[90m# Login.iEnterInvalidUsername()&amp#27;[0m
    &amp#27;[36mAnd &amp#27;[0m&amp#27;[36mI enter valid password&amp#27;[0m          &amp#27;[90m# Login.iEnterValidPassword()&amp#27;[0m
    &amp#27;[36mAnd &amp#27;[0m&amp#27;[36mI click on the sign in button&amp#27;[0m   &amp#27;[90m# Login.iClickOnTheSignInButton()&amp#27;[0m
    &amp#27;[36mThen &amp#27;[0m&amp#27;[36mI should not be able to log-in&amp#27;[0m &amp#27;[90m# Login.iShouldNotBeAbleToLogIn()&amp#27;[0m
    &amp#27;[36mAnd &amp#27;[0m&amp#27;[36mI close the broswer&amp#27;[0m             &amp#27;[90m# Login.iCloseTheBroswer()&amp#27;[0m

  Background:                          &amp#27;[90m# login.feature:4&amp#27;[0m
    &amp#27;[31mGiven &amp#27;[0m&amp#27;[31mI navigate to dev.giftrt.com&amp#27;[0m &amp#27;[90m# Login.iNavigateToDevGiftrtCom()&amp#27;[0m
      &amp#27;[31morg.openqa.selenium.WebDriverException: java.net.ConnectException: Failed to connect to localhost/0:0:0:0:0:0:0:1:47672
      Build info: version: '3.11.0', revision: 'e59cfb3', time: '2018-03-11T20:26:55.152Z'
      System info: host: 'Oluwaseuns-MacBook-Air.local', ip: 'fe80:0:0:0:31:e06c:6b0c:1021%en0', os.name: 'Mac OS X', os.arch: 'x86_64', os.version: '10.15.4', java.version: '1.8.0_144'
      Driver info: driver.version: FirefoxDriver
      	at org.openqa.selenium.remote.service.DriverCommandExecutor.execute(DriverCommandExecutor.java:92)
      	at org.openqa.selenium.remote.RemoteWebDriver.execute(RemoteWebDriver.java:545)
      	at org.openqa.selenium.remote.RemoteWebDriver.startSession(RemoteWebDriver.java:209)
      	at org.openqa.selenium.remote.RemoteWebDriver.<init>(RemoteWebDriver.java:132)
      	at org.openqa.selenium.firefox.FirefoxDriver.<init>(FirefoxDriver.java:120)
      	at org.openqa.selenium.firefox.FirefoxDriver.<init>(FirefoxDriver.java:98)
      	at StepDefinitions.Login.iNavigateToDevGiftrtCom(Login.java:21)
      	at ✽.Given I navigate to dev.giftrt.com(login.feature:5)
      Caused by: java.net.ConnectException: Failed to connect to localhost/0:0:0:0:0:0:0:1:47672
      	at okhttp3.internal.connection.RealConnection.connectSocket(RealConnection.java:240)
      	at okhttp3.internal.connection.RealConnection.connect(RealConnection.java:158)
      	at okhttp3.internal.connection.StreamAllocation.findConnection(StreamAllocation.java:256)
      	at okhttp3.internal.connection.StreamAllocation.findHealthyConnection(StreamAllocation.java:134)
      	at okhttp3.internal.connection.StreamAllocation.newStream(StreamAllocation.java:113)
      	at okhttp3.internal.connection.ConnectInterceptor.intercept(ConnectInterceptor.java:42)
      	at okhttp3.internal.http.RealInterceptorChain.proceed(RealInterceptorChain.java:147)
      	at okhttp3.internal.http.RealInterceptorChain.proceed(RealInterceptorChain.java:121)
      	at okhttp3.internal.cache.CacheInterceptor.intercept(CacheInterceptor.java:93)
      	at okhttp3.internal.http.RealInterceptorChain.proceed(RealInterceptorChain.java:147)
      	at okhttp3.internal.http.RealInterceptorChain.proceed(RealInterceptorChain.java:121)
      	at okhttp3.internal.http.BridgeInterceptor.intercept(BridgeInterceptor.java:93)
      	at okhttp3.internal.http.RealInterceptorChain.proceed(RealInterceptorChain.java:147)
      	at okhttp3.internal.http.RetryAndFollowUpInterceptor.intercept(RetryAndFollowUpInterceptor.java:125)
      	at okhttp3.internal.http.RealInterceptorChain.proceed(RealInterceptorChain.java:147)
      	at okhttp3.internal.http.RealInterceptorChain.proceed(RealInterceptorChain.java:121)
      	at okhttp3.RealCall.getResponseWithInterceptorChain(RealCall.java:200)
      	at okhttp3.RealCall.execute(RealCall.java:77)
      	at org.openqa.selenium.remote.internal.OkHttpClient.execute(OkHttpClient.java:101)
      	at org.openqa.selenium.remote.ProtocolHandshake.createSession(ProtocolHandshake.java:101)
      	at org.openqa.selenium.remote.ProtocolHandshake.createSession(ProtocolHandshake.java:73)
      	at org.openqa.selenium.remote.HttpCommandExecutor.execute(HttpCommandExecutor.java:136)
      	at org.openqa.selenium.remote.service.DriverCommandExecutor.execute(DriverCommandExecutor.java:83)
      	at org.openqa.selenium.remote.RemoteWebDriver.execute(RemoteWebDriver.java:545)
      	at org.openqa.selenium.remote.RemoteWebDriver.startSession(RemoteWebDriver.java:209)
      	at org.openqa.selenium.remote.RemoteWebDriver.<init>(RemoteWebDriver.java:132)
      	at org.openqa.selenium.firefox.FirefoxDriver.<init>(FirefoxDriver.java:120)
      	at org.openqa.selenium.firefox.FirefoxDriver.<init>(FirefoxDriver.java:98)
      	at StepDefinitions.Login.iNavigateToDevGiftrtCom(Login.java:21)
      	at sun.reflect.NativeMethodAccessorImpl.invoke0(Native Method)
      	at sun.reflect.NativeMethodAccessorImpl.invoke(NativeMethodAccessorImpl.java:62)
      	at sun.reflect.DelegatingMethodAccessorImpl.invoke(DelegatingMethodAccessorImpl.java:43)
      	at java.lang.reflect.Method.invoke(Method.java:498)
      	at cucumber.runtime.Utils$1.call(Utils.java:40)
      	at cucumber.runtime.Timeout.timeout(Timeout.java:16)
      	at cucumber.runtime.Utils.invoke(Utils.java:34)
      	at cucumber.runtime.java.JavaStepDefinition.execute(JavaStepDefinition.java:38)
      	at cucumber.runtime.StepDefinitionMatch.runStep(StepDefinitionMatch.java:37)
      	at cucumber.runtime.Runtime.runStep(Runtime.java:300)
      	at cucumber.runtime.model.StepContainer.runStep(StepContainer.java:44)
      	at cucumber.runtime.model.StepContainer.runSteps(StepContainer.java:39)
      	at cucumber.runtime.model.CucumberScenario.runBackground(CucumberScenario.java:59)
      	at cucumber.runtime.model.CucumberScenario.run(CucumberScenario.java:42)
      	at cucumber.runtime.model.CucumberFeature.run(CucumberFeature.java:165)
      	at cucumber.api.testng.TestNGCucumberRunner.runCucumber(TestNGCucumberRunner.java:63)
      	at runners.TestRunner.feature(TestRunner.java:31)
      	at sun.reflect.NativeMethodAccessorImpl.invoke0(Native Method)
      	at sun.reflect.NativeMethodAccessorImpl.invoke(NativeMethodAccessorImpl.java:62)
      	at sun.reflect.DelegatingMethodAccessorImpl.invoke(DelegatingMethodAccessorImpl.java:43)
      	at java.lang.reflect.Method.invoke(Method.java:498)
      	at org.testng.internal.MethodInvocationHelper.invokeMethod(MethodInvocationHelper.java:124)
      	at org.testng.internal.Invoker.invokeMethod(Invoker.java:583)
      	at org.testng.internal.Invoker.invokeTestMethod(Invoker.java:719)
      	at org.testng.internal.Invoker.invokeTestMethods(Invoker.java:989)
      	at org.testng.internal.TestMethodWorker.invokeTestMethods(TestMethodWorker.java:125)
      	at org.testng.internal.TestMethodWorker.run(TestMethodWorker.java:109)
      	at org.testng.TestRunner.privateRun(TestRunner.java:648)
      	at org.testng.TestRunner.run(TestRunner.java:505)
      	at org.testng.SuiteRunner.runTest(SuiteRunner.java:455)
      	at org.testng.SuiteRunner.access$000(SuiteRunner.java:40)
      	at org.testng.SuiteRunner$SuiteWorker.run(SuiteRunner.java:489)
      	at org.testng.internal.thread.ThreadUtil$1.call(ThreadUtil.java:52)
      	at java.util.concurrent.FutureTask.run(FutureTask.java:266)
      	at java.util.concurrent.ThreadPoolExecutor.runWorker(ThreadPoolExecutor.java:1149)
      	at java.util.concurrent.ThreadPoolExecutor$Worker.run(ThreadPoolExecutor.java:624)
      	at java.lang.Thread.run(Thread.java:748)
      Caused by: java.net.ConnectException: Connection refused (Connection refused)
      	at java.net.PlainSocketImpl.socketConnect(Native Method)
      	at java.net.AbstractPlainSocketImpl.doConnect(AbstractPlainSocketImpl.java:350)
      	at java.net.AbstractPlainSocketImpl.connectToAddress(AbstractPlainSocketImpl.java:206)
      	at java.net.AbstractPlainSocketImpl.connect(AbstractPlainSocketImpl.java:188)
      	at java.net.SocksSocketImpl.connect(SocksSocketImpl.java:392)
      	at java.net.Socket.connect(Socket.java:589)
      	at okhttp3.internal.platform.Platform.connectSocket(Platform.java:125)
      	at okhttp3.internal.connection.RealConnection.connectSocket(RealConnection.java:238)
      	... 65 more
      &amp#27;[0m
    &amp#27;[36mWhen &amp#27;[0m&amp#27;[36mI click on the login page&amp#27;[0m     &amp#27;[90m# Login.iClickOnTheLoginPage()&amp#27;[0m

  Scenario: Login with parameters                 &amp#27;[90m# login.feature:33&amp#27;[0m
    &amp#27;[36mAnd &amp#27;[0m&amp#27;[36mI enter the username "&amp#27;[0m&amp#27;[36m&amp#27;[1moodukudu@gmail.com&amp#27;[0m&amp#27;[36m"&amp#27;[0m &amp#27;[90m# Login.iEnterTheEmailAddress(String)&amp#27;[0m
    &amp#27;[36mAnd &amp#27;[0m&amp#27;[36mI enter the password "&amp#27;[0m&amp#27;[36m&amp#27;[1moodukudu1&amp#27;[0m&amp#27;[36m"&amp#27;[0m          &amp#27;[90m# Login.iEnterThePassword(String)&amp#27;[0m
    &amp#27;[36mAnd &amp#27;[0m&amp#27;[36mI click on the sign in button&amp#27;[0m             &amp#27;[90m# Login.iClickOnTheSignInButton()&amp#27;[0m
    &amp#27;[36mThen &amp#27;[0m&amp#27;[36mI should be able to log-in&amp#27;[0m               &amp#27;[90m# Login.iShouldBeAbleToLogIn()&amp#27;[0m
    &amp#27;[36mAnd &amp#27;[0m&amp#27;[36mI close the broswer&amp#27;[0m                       &amp#27;[90m# Login.iCloseTheBroswer()&amp#27;[0m

  Background:                          &amp#27;[90m# login.feature:4&amp#27;[0m
    &amp#27;[31mGiven &amp#27;[0m&amp#27;[31mI navigate to dev.giftrt.com&amp#27;[0m &amp#27;[90m# Login.iNavigateToDevGiftrtCom()&amp#27;[0m
      &amp#27;[31morg.openqa.selenium.WebDriverException: java.net.ConnectException: Failed to connect to localhost/0:0:0:0:0:0:0:1:16843
      Build info: version: '3.11.0', revision: 'e59cfb3', time: '2018-03-11T20:26:55.152Z'
      System info: host: 'Oluwaseuns-MacBook-Air.local', ip: 'fe80:0:0:0:31:e06c:6b0c:1021%en0', os.name: 'Mac OS X', os.arch: 'x86_64', os.version: '10.15.4', java.version: '1.8.0_144'
      Driver info: driver.version: FirefoxDriver
      	at org.openqa.selenium.remote.service.DriverCommandExecutor.execute(DriverCommandExecutor.java:92)
      	at org.openqa.selenium.remote.RemoteWebDriver.execute(RemoteWebDriver.java:545)
      	at org.openqa.selenium.remote.RemoteWebDriver.startSession(RemoteWebDriver.java:209)
      	at org.openqa.selenium.remote.RemoteWebDriver.<init>(RemoteWebDriver.java:132)
      	at org.openqa.selenium.firefox.FirefoxDriver.<init>(FirefoxDriver.java:120)
      	at org.openqa.selenium.firefox.FirefoxDriver.<init>(FirefoxDriver.java:98)
      	at StepDefinitions.Login.iNavigateToDevGiftrtCom(Login.java:21)
      	at ✽.Given I navigate to dev.giftrt.com(login.feature:5)
      Caused by: java.net.ConnectException: Failed to connect to localhost/0:0:0:0:0:0:0:1:16843
      	at okhttp3.internal.connection.RealConnection.connectSocket(RealConnection.java:240)
      	at okhttp3.internal.connection.RealConnection.connect(RealConnection.java:158)
      	at okhttp3.internal.connection.StreamAllocation.findConnection(StreamAllocation.java:256)
      	at okhttp3.internal.connection.StreamAllocation.findHealthyConnection(StreamAllocation.java:134)
      	at okhttp3.internal.connection.StreamAllocation.newStream(StreamAllocation.java:113)
      	at okhttp3.internal.connection.ConnectInterceptor.intercept(ConnectInterceptor.java:42)
      	at okhttp3.internal.http.RealInterceptorChain.proceed(RealInterceptorChain.java:147)
      	at okhttp3.internal.http.RealInterceptorChain.proceed(RealInterceptorChain.java:121)
      	at okhttp3.internal.cache.CacheInterceptor.intercept(CacheInterceptor.java:93)
      	at okhttp3.internal.http.RealInterceptorChain.proceed(RealInterceptorChain.java:147)
      	at okhttp3.internal.http.RealInterceptorChain.proceed(RealInterceptorChain.java:121)
      	at okhttp3.internal.http.BridgeInterceptor.intercept(BridgeInterceptor.java:93)
      	at okhttp3.internal.http.RealInterceptorChain.proceed(RealInterceptorChain.java:147)
      	at okhttp3.internal.http.RetryAndFollowUpInterceptor.intercept(RetryAndFollowUpInterceptor.java:125)
      	at okhttp3.internal.http.RealInterceptorChain.proceed(RealInterceptorChain.java:147)
      	at okhttp3.internal.http.RealInterceptorChain.proceed(RealInterceptorChain.java:121)
      	at okhttp3.RealCall.getResponseWithInterceptorChain(RealCall.java:200)
      	at okhttp3.RealCall.execute(RealCall.java:77)
      	at org.openqa.selenium.remote.internal.OkHttpClient.execute(OkHttpClient.java:101)
      	at org.openqa.selenium.remote.ProtocolHandshake.createSession(ProtocolHandshake.java:101)
      	at org.openqa.selenium.remote.ProtocolHandshake.createSession(ProtocolHandshake.java:73)
      	at org.openqa.selenium.remote.HttpCommandExecutor.execute(HttpCommandExecutor.java:136)
      	at org.openqa.selenium.remote.service.DriverCommandExecutor.execute(DriverCommandExecutor.java:83)
      	at org.openqa.selenium.remote.RemoteWebDriver.execute(RemoteWebDriver.java:545)
      	at org.openqa.selenium.remote.RemoteWebDriver.startSession(RemoteWebDriver.java:209)
      	at org.openqa.selenium.remote.RemoteWebDriver.<init>(RemoteWebDriver.java:132)
      	at org.openqa.selenium.firefox.FirefoxDriver.<init>(FirefoxDriver.java:120)
      	at org.openqa.selenium.firefox.FirefoxDriver.<init>(FirefoxDriver.java:98)
      	at StepDefinitions.Login.iNavigateToDevGiftrtCom(Login.java:21)
      	at sun.reflect.NativeMethodAccessorImpl.invoke0(Native Method)
      	at sun.reflect.NativeMethodAccessorImpl.invoke(NativeMethodAccessorImpl.java:62)
      	at sun.reflect.DelegatingMethodAccessorImpl.invoke(DelegatingMethodAccessorImpl.java:43)
      	at java.lang.reflect.Method.invoke(Method.java:498)
      	at cucumber.runtime.Utils$1.call(Utils.java:40)
      	at cucumber.runtime.Timeout.timeout(Timeout.java:16)
      	at cucumber.runtime.Utils.invoke(Utils.java:34)
      	at cucumber.runtime.java.JavaStepDefinition.execute(JavaStepDefinition.java:38)
      	at cucumber.runtime.StepDefinitionMatch.runStep(StepDefinitionMatch.java:37)
      	at cucumber.runtime.Runtime.runStep(Runtime.java:300)
      	at cucumber.runtime.model.StepContainer.runStep(StepContainer.java:44)
      	at cucumber.runtime.model.StepContainer.runSteps(StepContainer.java:39)
      	at cucumber.runtime.model.CucumberScenario.runBackground(CucumberScenario.java:59)
      	at cucumber.runtime.model.CucumberScenario.run(CucumberScenario.java:42)
      	at cucumber.runtime.model.CucumberFeature.run(CucumberFeature.java:165)
      	at cucumber.api.testng.TestNGCucumberRunner.runCucumber(TestNGCucumberRunner.java:63)
      	at runners.TestRunner.feature(TestRunner.java:31)
      	at sun.reflect.NativeMethodAccessorImpl.invoke0(Native Method)
      	at sun.reflect.NativeMethodAccessorImpl.invoke(NativeMethodAccessorImpl.java:62)
      	at sun.reflect.DelegatingMethodAccessorImpl.invoke(DelegatingMethodAccessorImpl.java:43)
      	at java.lang.reflect.Method.invoke(Method.java:498)
      	at org.testng.internal.MethodInvocationHelper.invokeMethod(MethodInvocationHelper.java:124)
      	at org.testng.internal.Invoker.invokeMethod(Invoker.java:583)
      	at org.testng.internal.Invoker.invokeTestMethod(Invoker.java:719)
      	at org.testng.internal.Invoker.invokeTestMethods(Invoker.java:989)
      	at org.testng.internal.TestMethodWorker.invokeTestMethods(TestMethodWorker.java:125)
      	at org.testng.internal.TestMethodWorker.run(TestMethodWorker.java:109)
      	at org.testng.TestRunner.privateRun(TestRunner.java:648)
      	at org.testng.TestRunner.run(TestRunner.java:505)
      	at org.testng.SuiteRunner.runTest(SuiteRunner.java:455)
      	at org.testng.SuiteRunner.access$000(SuiteRunner.java:40)
      	at org.testng.SuiteRunner$SuiteWorker.run(SuiteRunner.java:489)
      	at org.testng.internal.thread.ThreadUtil$1.call(ThreadUtil.java:52)
      	at java.util.concurrent.FutureTask.run(FutureTask.java:266)
      	at java.util.concurrent.ThreadPoolExecutor.runWorker(ThreadPoolExecutor.java:1149)
      	at java.util.concurrent.ThreadPoolExecutor$Worker.run(ThreadPoolExecutor.java:624)
      	at java.lang.Thread.run(Thread.java:748)
      Caused by: java.net.ConnectException: Connection refused (Connection refused)
      	at java.net.PlainSocketImpl.socketConnect(Native Method)
      	at java.net.AbstractPlainSocketImpl.doConnect(AbstractPlainSocketImpl.java:350)
      	at java.net.AbstractPlainSocketImpl.connectToAddress(AbstractPlainSocketImpl.java:206)
      	at java.net.AbstractPlainSocketImpl.connect(AbstractPlainSocketImpl.java:188)
      	at java.net.SocksSocketImpl.connect(SocksSocketImpl.java:392)
      	at java.net.Socket.connect(Socket.java:589)
      	at okhttp3.internal.platform.Platform.connectSocket(Platform.java:125)
      	at okhttp3.internal.connection.RealConnection.connectSocket(RealConnection.java:238)
      	... 65 more
      &amp#27;[0m
    &amp#27;[36mWhen &amp#27;[0m&amp#27;[36mI click on the login page&amp#27;[0m     &amp#27;[90m# Login.iClickOnTheLoginPage()&amp#27;[0m

  Scenario: Invalid Login with parameters   &amp#27;[90m# login.feature:41&amp#27;[0m
    &amp#27;[36mAnd &amp#27;[0m&amp#27;[36mI enter the username "&amp#27;[0m&amp#27;[36m&amp#27;[1moodukudu.com&amp#27;[0m&amp#27;[36m"&amp#27;[0m &amp#27;[90m# Login.iEnterTheEmailAddress(String)&amp#27;[0m
    &amp#27;[36mAnd &amp#27;[0m&amp#27;[36mI enter the password "&amp#27;[0m&amp#27;[36m&amp#27;[1moodukudu100&amp#27;[0m&amp#27;[36m"&amp#27;[0m  &amp#27;[90m# Login.iEnterThePassword(String)&amp#27;[0m
    &amp#27;[36mAnd &amp#27;[0m&amp#27;[36mI click on the sign in button&amp#27;[0m       &amp#27;[90m# Login.iClickOnTheSignInButton()&amp#27;[0m
    &amp#27;[36mThen &amp#27;[0m&amp#27;[36mI should not be able to log-in&amp#27;[0m     &amp#27;[90m# Login.iShouldNotBeAbleToLogIn()&amp#27;[0m
    &amp#27;[36mAnd &amp#27;[0m&amp#27;[36mI close the broswer&amp#27;[0m                 &amp#27;[90m# Login.iCloseTheBroswer()&amp#27;[0m

  Scenario Outline: login with multiple users &amp#27;[90m# login.feature:49&amp#27;[0m
    &amp#27;[36mAnd &amp#27;[0m&amp#27;[36mI enter the username "<username>"&amp#27;[0m
    &amp#27;[36mAnd &amp#27;[0m&amp#27;[36mI enter the password "<password>"&amp#27;[0m
    &amp#27;[36mAnd &amp#27;[0m&amp#27;[36mI click on the sign in button&amp#27;[0m
    &amp#27;[36mThen &amp#27;[0m&amp#27;[36mI should be able to log-in&amp#27;[0m
    &amp#27;[36mAnd &amp#27;[0m&amp#27;[36mI log out&amp#27;[0m
    &amp#27;[36mAnd &amp#27;[0m&amp#27;[36mI close the broswer&amp#27;[0m

    Examples: 

  Background:                          &amp#27;[90m# login.feature:4&amp#27;[0m
    &amp#27;[31mGiven &amp#27;[0m&amp#27;[31mI navigate to dev.giftrt.com&amp#27;[0m &amp#27;[90m# Login.iNavigateToDevGiftrtCom()&amp#27;[0m
      &amp#27;[31morg.openqa.selenium.WebDriverException: java.net.ConnectException: Failed to connect to localhost/0:0:0:0:0:0:0:1:3931
      Build info: version: '3.11.0', revision: 'e59cfb3', time: '2018-03-11T20:26:55.152Z'
      System info: host: 'Oluwaseuns-MacBook-Air.local', ip: 'fe80:0:0:0:31:e06c:6b0c:1021%en0', os.name: 'Mac OS X', os.arch: 'x86_64', os.version: '10.15.4', java.version: '1.8.0_144'
      Driver info: driver.version: FirefoxDriver
      	at org.openqa.selenium.remote.service.DriverCommandExecutor.execute(DriverCommandExecutor.java:92)
      	at org.openqa.selenium.remote.RemoteWebDriver.execute(RemoteWebDriver.java:545)
      	at org.openqa.selenium.remote.RemoteWebDriver.startSession(RemoteWebDriver.java:209)
      	at org.openqa.selenium.remote.RemoteWebDriver.<init>(RemoteWebDriver.java:132)
      	at org.openqa.selenium.firefox.FirefoxDriver.<init>(FirefoxDriver.java:120)
      	at org.openqa.selenium.firefox.FirefoxDriver.<init>(FirefoxDriver.java:98)
      	at StepDefinitions.Login.iNavigateToDevGiftrtCom(Login.java:21)
      	at ✽.Given I navigate to dev.giftrt.com(login.feature:5)
      Caused by: java.net.ConnectException: Failed to connect to localhost/0:0:0:0:0:0:0:1:3931
      	at okhttp3.internal.connection.RealConnection.connectSocket(RealConnection.java:240)
      	at okhttp3.internal.connection.RealConnection.connect(RealConnection.java:158)
      	at okhttp3.internal.connection.StreamAllocation.findConnection(StreamAllocation.java:256)
      	at okhttp3.internal.connection.StreamAllocation.findHealthyConnection(StreamAllocation.java:134)
      	at okhttp3.internal.connection.StreamAllocation.newStream(StreamAllocation.java:113)
      	at okhttp3.internal.connection.ConnectInterceptor.intercept(ConnectInterceptor.java:42)
      	at okhttp3.internal.http.RealInterceptorChain.proceed(RealInterceptorChain.java:147)
      	at okhttp3.internal.http.RealInterceptorChain.proceed(RealInterceptorChain.java:121)
      	at okhttp3.internal.cache.CacheInterceptor.intercept(CacheInterceptor.java:93)
      	at okhttp3.internal.http.RealInterceptorChain.proceed(RealInterceptorChain.java:147)
      	at okhttp3.internal.http.RealInterceptorChain.proceed(RealInterceptorChain.java:121)
      	at okhttp3.internal.http.BridgeInterceptor.intercept(BridgeInterceptor.java:93)
      	at okhttp3.internal.http.RealInterceptorChain.proceed(RealInterceptorChain.java:147)
      	at okhttp3.internal.http.RetryAndFollowUpInterceptor.intercept(RetryAndFollowUpInterceptor.java:125)
      	at okhttp3.internal.http.RealInterceptorChain.proceed(RealInterceptorChain.java:147)
      	at okhttp3.internal.http.RealInterceptorChain.proceed(RealInterceptorChain.java:121)
      	at okhttp3.RealCall.getResponseWithInterceptorChain(RealCall.java:200)
      	at okhttp3.RealCall.execute(RealCall.java:77)
      	at org.openqa.selenium.remote.internal.OkHttpClient.execute(OkHttpClient.java:101)
      	at org.openqa.selenium.remote.ProtocolHandshake.createSession(ProtocolHandshake.java:101)
      	at org.openqa.selenium.remote.ProtocolHandshake.createSession(ProtocolHandshake.java:73)
      	at org.openqa.selenium.remote.HttpCommandExecutor.execute(HttpCommandExecutor.java:136)
      	at org.openqa.selenium.remote.service.DriverCommandExecutor.execute(DriverCommandExecutor.java:83)
      	at org.openqa.selenium.remote.RemoteWebDriver.execute(RemoteWebDriver.java:545)
      	at org.openqa.selenium.remote.RemoteWebDriver.startSession(RemoteWebDriver.java:209)
      	at org.openqa.selenium.remote.RemoteWebDriver.<init>(RemoteWebDriver.java:132)
      	at org.openqa.selenium.firefox.FirefoxDriver.<init>(FirefoxDriver.java:120)
      	at org.openqa.selenium.firefox.FirefoxDriver.<init>(FirefoxDriver.java:98)
      	at StepDefinitions.Login.iNavigateToDevGiftrtCom(Login.java:21)
      	at sun.reflect.NativeMethodAccessorImpl.invoke0(Native Method)
      	at sun.reflect.NativeMethodAccessorImpl.invoke(NativeMethodAccessorImpl.java:62)
      	at sun.reflect.DelegatingMethodAccessorImpl.invoke(DelegatingMethodAccessorImpl.java:43)
      	at java.lang.reflect.Method.invoke(Method.java:498)
      	at cucumber.runtime.Utils$1.call(Utils.java:40)
      	at cucumber.runtime.Timeout.timeout(Timeout.java:16)
      	at cucumber.runtime.Utils.invoke(Utils.java:34)
      	at cucumber.runtime.java.JavaStepDefinition.execute(JavaStepDefinition.java:38)
      	at cucumber.runtime.StepDefinitionMatch.runStep(StepDefinitionMatch.java:37)
      	at cucumber.runtime.Runtime.runStep(Runtime.java:300)
      	at cucumber.runtime.model.StepContainer.runStep(StepContainer.java:44)
      	at cucumber.runtime.model.StepContainer.runSteps(StepContainer.java:39)
      	at cucumber.runtime.model.CucumberScenario.runBackground(CucumberScenario.java:59)
      	at cucumber.runtime.model.CucumberScenario.run(CucumberScenario.java:42)
      	at cucumber.runtime.model.CucumberScenarioOutline.run(CucumberScenarioOutline.java:46)
      	at cucumber.runtime.model.CucumberFeature.run(CucumberFeature.java:165)
      	at cucumber.api.testng.TestNGCucumberRunner.runCucumber(TestNGCucumberRunner.java:63)
      	at runners.TestRunner.feature(TestRunner.java:31)
      	at sun.reflect.NativeMethodAccessorImpl.invoke0(Native Method)
      	at sun.reflect.NativeMethodAccessorImpl.invoke(NativeMethodAccessorImpl.java:62)
      	at sun.reflect.DelegatingMethodAccessorImpl.invoke(DelegatingMethodAccessorImpl.java:43)
      	at java.lang.reflect.Method.invoke(Method.java:498)
      	at org.testng.internal.MethodInvocationHelper.invokeMethod(MethodInvocationHelper.java:124)
      	at org.testng.internal.Invoker.invokeMethod(Invoker.java:583)
      	at org.testng.internal.Invoker.invokeTestMethod(Invoker.java:719)
      	at org.testng.internal.Invoker.invokeTestMethods(Invoker.java:989)
      	at org.testng.internal.TestMethodWorker.invokeTestMethods(TestMethodWorker.java:125)
      	at org.testng.internal.TestMethodWorker.run(TestMethodWorker.java:109)
      	at org.testng.TestRunner.privateRun(TestRunner.java:648)
      	at org.testng.TestRunner.run(TestRunner.java:505)
      	at org.testng.SuiteRunner.runTest(SuiteRunner.java:455)
      	at org.testng.SuiteRunner.access$000(SuiteRunner.java:40)
      	at org.testng.SuiteRunner$SuiteWorker.run(SuiteRunner.java:489)
      	at org.testng.internal.thread.ThreadUtil$1.call(ThreadUtil.java:52)
      	at java.util.concurrent.FutureTask.run(FutureTask.java:266)
      	at java.util.concurrent.ThreadPoolExecutor.runWorker(ThreadPoolExecutor.java:1149)
      	at java.util.concurrent.ThreadPoolExecutor$Worker.run(ThreadPoolExecutor.java:624)
      	at java.lang.Thread.run(Thread.java:748)
      Caused by: java.net.ConnectException: Connection refused (Connection refused)
      	at java.net.PlainSocketImpl.socketConnect(Native Method)
      	at java.net.AbstractPlainSocketImpl.doConnect(AbstractPlainSocketImpl.java:350)
      	at java.net.AbstractPlainSocketImpl.connectToAddress(AbstractPlainSocketImpl.java:206)
      	at java.net.AbstractPlainSocketImpl.connect(AbstractPlainSocketImpl.java:188)
      	at java.net.SocksSocketImpl.connect(SocksSocketImpl.java:392)
      	at java.net.Socket.connect(Socket.java:589)
      	at okhttp3.internal.platform.Platform.connectSocket(Platform.java:125)
      	at okhttp3.internal.connection.RealConnection.connectSocket(RealConnection.java:238)
      	... 66 more
      &amp#27;[0m
    &amp#27;[36mWhen &amp#27;[0m&amp#27;[36mI click on the login page&amp#27;[0m     &amp#27;[90m# Login.iClickOnTheLoginPage()&amp#27;[0m

  Scenario Outline: login with multiple users     &amp#27;[90m# login.feature:59&amp#27;[0m
    &amp#27;[36mAnd &amp#27;[0m&amp#27;[36mI enter the username "&amp#27;[0m&amp#27;[36m&amp#27;[1moodukudu@gmail.com&amp#27;[0m&amp#27;[36m"&amp#27;[0m &amp#27;[90m# Login.iEnterTheEmailAddress(String)&amp#27;[0m
    &amp#27;[36mAnd &amp#27;[0m&amp#27;[36mI enter the password "&amp#27;[0m&amp#27;[36m&amp#27;[1moodukudu1&amp#27;[0m&amp#27;[36m"&amp#27;[0m          &amp#27;[90m# Login.iEnterThePassword(String)&amp#27;[0m
    &amp#27;[36mAnd &amp#27;[0m&amp#27;[36mI click on the sign in button&amp#27;[0m             &amp#27;[90m# Login.iClickOnTheSignInButton()&amp#27;[0m
    &amp#27;[36mThen &amp#27;[0m&amp#27;[36mI should be able to log-in&amp#27;[0m               &amp#27;[90m# Login.iShouldBeAbleToLogIn()&amp#27;[0m
    &amp#27;[36mAnd &amp#27;[0m&amp#27;[36mI log out&amp#27;[0m                                 &amp#27;[90m# Login.iLogOut()&amp#27;[0m
    &amp#27;[36mAnd &amp#27;[0m&amp#27;[36mI close the broswer&amp#27;[0m                       &amp#27;[90m# Login.iCloseTheBroswer()&amp#27;[0m

  Background:                          &amp#27;[90m# login.feature:4&amp#27;[0m
    &amp#27;[31mGiven &amp#27;[0m&amp#27;[31mI navigate to dev.giftrt.com&amp#27;[0m &amp#27;[90m# Login.iNavigateToDevGiftrtCom()&amp#27;[0m
      &amp#27;[31morg.openqa.selenium.WebDriverException: java.net.ConnectException: Failed to connect to localhost/0:0:0:0:0:0:0:1:48571
      Build info: version: '3.11.0', revision: 'e59cfb3', time: '2018-03-11T20:26:55.152Z'
      System info: host: 'Oluwaseuns-MacBook-Air.local', ip: 'fe80:0:0:0:31:e06c:6b0c:1021%en0', os.name: 'Mac OS X', os.arch: 'x86_64', os.version: '10.15.4', java.version: '1.8.0_144'
      Driver info: driver.version: FirefoxDriver
      	at org.openqa.selenium.remote.service.DriverCommandExecutor.execute(DriverCommandExecutor.java:92)
      	at org.openqa.selenium.remote.RemoteWebDriver.execute(RemoteWebDriver.java:545)
      	at org.openqa.selenium.remote.RemoteWebDriver.startSession(RemoteWebDriver.java:209)
      	at org.openqa.selenium.remote.RemoteWebDriver.<init>(RemoteWebDriver.java:132)
      	at org.openqa.selenium.firefox.FirefoxDriver.<init>(FirefoxDriver.java:120)
      	at org.openqa.selenium.firefox.FirefoxDriver.<init>(FirefoxDriver.java:98)
      	at StepDefinitions.Login.iNavigateToDevGiftrtCom(Login.java:21)
      	at ✽.Given I navigate to dev.giftrt.com(login.feature:5)
      Caused by: java.net.ConnectException: Failed to connect to localhost/0:0:0:0:0:0:0:1:48571
      	at okhttp3.internal.connection.RealConnection.connectSocket(RealConnection.java:240)
      	at okhttp3.internal.connection.RealConnection.connect(RealConnection.java:158)
      	at okhttp3.internal.connection.StreamAllocation.findConnection(StreamAllocation.java:256)
      	at okhttp3.internal.connection.StreamAllocation.findHealthyConnection(StreamAllocation.java:134)
      	at okhttp3.internal.connection.StreamAllocation.newStream(StreamAllocation.java:113)
      	at okhttp3.internal.connection.ConnectInterceptor.intercept(ConnectInterceptor.java:42)
      	at okhttp3.internal.http.RealInterceptorChain.proceed(RealInterceptorChain.java:147)
      	at okhttp3.internal.http.RealInterceptorChain.proceed(RealInterceptorChain.java:121)
      	at okhttp3.internal.cache.CacheInterceptor.intercept(CacheInterceptor.java:93)
      	at okhttp3.internal.http.RealInterceptorChain.proceed(RealInterceptorChain.java:147)
      	at okhttp3.internal.http.RealInterceptorChain.proceed(RealInterceptorChain.java:121)
      	at okhttp3.internal.http.BridgeInterceptor.intercept(BridgeInterceptor.java:93)
      	at okhttp3.internal.http.RealInterceptorChain.proceed(RealInterceptorChain.java:147)
      	at okhttp3.internal.http.RetryAndFollowUpInterceptor.intercept(RetryAndFollowUpInterceptor.java:125)
      	at okhttp3.internal.http.RealInterceptorChain.proceed(RealInterceptorChain.java:147)
      	at okhttp3.internal.http.RealInterceptorChain.proceed(RealInterceptorChain.java:121)
      	at okhttp3.RealCall.getResponseWithInterceptorChain(RealCall.java:200)
      	at okhttp3.RealCall.execute(RealCall.java:77)
      	at org.openqa.selenium.remote.internal.OkHttpClient.execute(OkHttpClient.java:101)
      	at org.openqa.selenium.remote.ProtocolHandshake.createSession(ProtocolHandshake.java:101)
      	at org.openqa.selenium.remote.ProtocolHandshake.createSession(ProtocolHandshake.java:73)
      	at org.openqa.selenium.remote.HttpCommandExecutor.execute(HttpCommandExecutor.java:136)
      	at org.openqa.selenium.remote.service.DriverCommandExecutor.execute(DriverCommandExecutor.java:83)
      	at org.openqa.selenium.remote.RemoteWebDriver.execute(RemoteWebDriver.java:545)
      	at org.openqa.selenium.remote.RemoteWebDriver.startSession(RemoteWebDriver.java:209)
      	at org.openqa.selenium.remote.RemoteWebDriver.<init>(RemoteWebDriver.java:132)
      	at org.openqa.selenium.firefox.FirefoxDriver.<init>(FirefoxDriver.java:120)
      	at org.openqa.selenium.firefox.FirefoxDriver.<init>(FirefoxDriver.java:98)
      	at StepDefinitions.Login.iNavigateToDevGiftrtCom(Login.java:21)
      	at sun.reflect.NativeMethodAccessorImpl.invoke0(Native Method)
      	at sun.reflect.NativeMethodAccessorImpl.invoke(NativeMethodAccessorImpl.java:62)
      	at sun.reflect.DelegatingMethodAccessorImpl.invoke(DelegatingMethodAccessorImpl.java:43)
      	at java.lang.reflect.Method.invoke(Method.java:498)
      	at cucumber.runtime.Utils$1.call(Utils.java:40)
      	at cucumber.runtime.Timeout.timeout(Timeout.java:16)
      	at cucumber.runtime.Utils.invoke(Utils.java:34)
      	at cucumber.runtime.java.JavaStepDefinition.execute(JavaStepDefinition.java:38)
      	at cucumber.runtime.StepDefinitionMatch.runStep(StepDefinitionMatch.java:37)
      	at cucumber.runtime.Runtime.runStep(Runtime.java:300)
      	at cucumber.runtime.model.StepContainer.runStep(StepContainer.java:44)
      	at cucumber.runtime.model.StepContainer.runSteps(StepContainer.java:39)
      	at cucumber.runtime.model.CucumberScenario.runBackground(CucumberScenario.java:59)
      	at cucumber.runtime.model.CucumberScenario.run(CucumberScenario.java:42)
      	at cucumber.runtime.model.CucumberScenarioOutline.run(CucumberScenarioOutline.java:46)
      	at cucumber.runtime.model.CucumberFeature.run(CucumberFeature.java:165)
      	at cucumber.api.testng.TestNGCucumberRunner.runCucumber(TestNGCucumberRunner.java:63)
      	at runners.TestRunner.feature(TestRunner.java:31)
      	at sun.reflect.NativeMethodAccessorImpl.invoke0(Native Method)
      	at sun.reflect.NativeMethodAccessorImpl.invoke(NativeMethodAccessorImpl.java:62)
      	at sun.reflect.DelegatingMethodAccessorImpl.invoke(DelegatingMethodAccessorImpl.java:43)
      	at java.lang.reflect.Method.invoke(Method.java:498)
      	at org.testng.internal.MethodInvocationHelper.invokeMethod(MethodInvocationHelper.java:124)
      	at org.testng.internal.Invoker.invokeMethod(Invoker.java:583)
      	at org.testng.internal.Invoker.invokeTestMethod(Invoker.java:719)
      	at org.testng.internal.Invoker.invokeTestMethods(Invoker.java:989)
      	at org.testng.internal.TestMethodWorker.invokeTestMethods(TestMethodWorker.java:125)
      	at org.testng.internal.TestMethodWorker.run(TestMethodWorker.java:109)
      	at org.testng.TestRunner.privateRun(TestRunner.java:648)
      	at org.testng.TestRunner.run(TestRunner.java:505)
      	at org.testng.SuiteRunner.runTest(SuiteRunner.java:455)
      	at org.testng.SuiteRunner.access$000(SuiteRunner.java:40)
      	at org.testng.SuiteRunner$SuiteWorker.run(SuiteRunner.java:489)
      	at org.testng.internal.thread.ThreadUtil$1.call(ThreadUtil.java:52)
      	at java.util.concurrent.FutureTask.run(FutureTask.java:266)
      	at java.util.concurrent.ThreadPoolExecutor.runWorker(ThreadPoolExecutor.java:1149)
      	at java.util.concurrent.ThreadPoolExecutor$Worker.run(ThreadPoolExecutor.java:624)
      	at java.lang.Thread.run(Thread.java:748)
      Caused by: java.net.ConnectException: Connection refused (Connection refused)
      	at java.net.PlainSocketImpl.socketConnect(Native Method)
      	at java.net.AbstractPlainSocketImpl.doConnect(AbstractPlainSocketImpl.java:350)
      	at java.net.AbstractPlainSocketImpl.connectToAddress(AbstractPlainSocketImpl.java:206)
      	at java.net.AbstractPlainSocketImpl.connect(AbstractPlainSocketImpl.java:188)
      	at java.net.SocksSocketImpl.connect(SocksSocketImpl.java:392)
      	at java.net.Socket.connect(Socket.java:589)
      	at okhttp3.internal.platform.Platform.connectSocket(Platform.java:125)
      	at okhttp3.internal.connection.RealConnection.connectSocket(RealConnection.java:238)
      	... 66 more
      &amp#27;[0m
    &amp#27;[36mWhen &amp#27;[0m&amp#27;[36mI click on the login page&amp#27;[0m     &amp#27;[90m# Login.iClickOnTheLoginPage()&amp#27;[0m

  Scenario Outline: login with multiple users     &amp#27;[90m# login.feature:60&amp#27;[0m
    &amp#27;[36mAnd &amp#27;[0m&amp#27;[36mI enter the username "&amp#27;[0m&amp#27;[36m&amp#27;[1moodukudu@yahoo.com&amp#27;[0m&amp#27;[36m"&amp#27;[0m &amp#27;[90m# Login.iEnterTheEmailAddress(String)&amp#27;[0m
    &amp#27;[36mAnd &amp#27;[0m&amp#27;[36mI enter the password "&amp#27;[0m&amp#27;[36m&amp#27;[1moodukudu200&amp#27;[0m&amp#27;[36m"&amp#27;[0m        &amp#27;[90m# Login.iEnterThePassword(String)&amp#27;[0m
    &amp#27;[36mAnd &amp#27;[0m&amp#27;[36mI click on the sign in button&amp#27;[0m             &amp#27;[90m# Login.iClickOnTheSignInButton()&amp#27;[0m
    &amp#27;[36mThen &amp#27;[0m&amp#27;[36mI should be able to log-in&amp#27;[0m               &amp#27;[90m# Login.iShouldBeAbleToLogIn()&amp#27;[0m
    &amp#27;[36mAnd &amp#27;[0m&amp#27;[36mI log out&amp#27;[0m                                 &amp#27;[90m# Login.iLogOut()&amp#27;[0m
    &amp#27;[36mAnd &amp#27;[0m&amp#27;[36mI close the broswer&amp#27;[0m                       &amp#27;[90m# Login.iCloseTheBroswer()&amp#27;[0m
]]></system-out>
  </testcase>
  <testcase name="feature" classname="runners.TestRunner" time="0.006"/>
  <testcase name="feature" classname="runners.TestRunner" time="43.635">
    <failure message="org.openqa.selenium.WebDriverException: java.net.ConnectException: Failed to connect to localhost/0:0:0:0:0:0:0:1:33514&#10;Build info: version: &apos;3.11.0&apos;, revision: &apos;e59cfb3&apos;, time: &apos;2018-03-11T20:26:55.152Z&apos;&#10;System info: host: &apos;Oluwaseuns-MacBook-Air.local&apos;, ip: &apos;fe80:0:0:0:31:e06c:6b0c:1021%en0&apos;, os.name: &apos;Mac OS X&apos;, os.arch: &apos;x86_64&apos;, os.version: &apos;10.15.4&apos;, java.version: &apos;1.8.0_144&apos;&#10;Driver info: driver.version: FirefoxDriver" type="cucumber.runtime.CucumberException">cucumber.runtime.CucumberException: 
org.openqa.selenium.WebDriverException: java.net.ConnectException: Failed to connect to localhost/0:0:0:0:0:0:0:1:33514
Build info: version: '3.11.0', revision: 'e59cfb3', time: '2018-03-11T20:26:55.152Z'
System info: host: 'Oluwaseuns-MacBook-Air.local', ip: 'fe80:0:0:0:31:e06c:6b0c:1021%en0', os.name: 'Mac OS X', os.arch: 'x86_64', os.version: '10.15.4', java.version: '1.8.0_144'
Driver info: driver.version: FirefoxDriver
	at runners.TestRunner.feature(TestRunner.java:31)
Caused by: org.openqa.selenium.WebDriverException: 
java.net.ConnectException: Failed to connect to localhost/0:0:0:0:0:0:0:1:33514
Build info: version: '3.11.0', revision: 'e59cfb3', time: '2018-03-11T20:26:55.152Z'
System info: host: 'Oluwaseuns-MacBook-Air.local', ip: 'fe80:0:0:0:31:e06c:6b0c:1021%en0', os.name: 'Mac OS X', os.arch: 'x86_64', os.version: '10.15.4', java.version: '1.8.0_144'
Driver info: driver.version: FirefoxDriver
Caused by: java.net.ConnectException: Failed to connect to localhost/0:0:0:0:0:0:0:1:33514
	at runners.TestRunner.feature(TestRunner.java:31)
Caused by: java.net.ConnectException: Connection refused (Connection refused)
	at runners.TestRunner.feature(TestRunner.java:31)
</failure>
    <system-out><![CDATA[Feature: Registration
  As a user of giftrete, I want to register
  so that i can use the site

  Scenario: Valid Registration              &amp#27;[90m# registration.feature:5&amp#27;[0m
    &amp#27;[31mGiven &amp#27;[0m&amp#27;[31mI navigate to dev.giftrt.com&amp#27;[0m      &amp#27;[90m# Login.iNavigateToDevGiftrtCom()&amp#27;[0m
      &amp#27;[31morg.openqa.selenium.WebDriverException: java.net.ConnectException: Failed to connect to localhost/0:0:0:0:0:0:0:1:33514
      Build info: version: '3.11.0', revision: 'e59cfb3', time: '2018-03-11T20:26:55.152Z'
      System info: host: 'Oluwaseuns-MacBook-Air.local', ip: 'fe80:0:0:0:31:e06c:6b0c:1021%en0', os.name: 'Mac OS X', os.arch: 'x86_64', os.version: '10.15.4', java.version: '1.8.0_144'
      Driver info: driver.version: FirefoxDriver
      	at org.openqa.selenium.remote.service.DriverCommandExecutor.execute(DriverCommandExecutor.java:92)
      	at org.openqa.selenium.remote.RemoteWebDriver.execute(RemoteWebDriver.java:545)
      	at org.openqa.selenium.remote.RemoteWebDriver.startSession(RemoteWebDriver.java:209)
      	at org.openqa.selenium.remote.RemoteWebDriver.<init>(RemoteWebDriver.java:132)
      	at org.openqa.selenium.firefox.FirefoxDriver.<init>(FirefoxDriver.java:120)
      	at org.openqa.selenium.firefox.FirefoxDriver.<init>(FirefoxDriver.java:98)
      	at StepDefinitions.Login.iNavigateToDevGiftrtCom(Login.java:21)
      	at ✽.Given I navigate to dev.giftrt.com(registration.feature:6)
      Caused by: java.net.ConnectException: Failed to connect to localhost/0:0:0:0:0:0:0:1:33514
      	at okhttp3.internal.connection.RealConnection.connectSocket(RealConnection.java:240)
      	at okhttp3.internal.connection.RealConnection.connect(RealConnection.java:158)
      	at okhttp3.internal.connection.StreamAllocation.findConnection(StreamAllocation.java:256)
      	at okhttp3.internal.connection.StreamAllocation.findHealthyConnection(StreamAllocation.java:134)
      	at okhttp3.internal.connection.StreamAllocation.newStream(StreamAllocation.java:113)
      	at okhttp3.internal.connection.ConnectInterceptor.intercept(ConnectInterceptor.java:42)
      	at okhttp3.internal.http.RealInterceptorChain.proceed(RealInterceptorChain.java:147)
      	at okhttp3.internal.http.RealInterceptorChain.proceed(RealInterceptorChain.java:121)
      	at okhttp3.internal.cache.CacheInterceptor.intercept(CacheInterceptor.java:93)
      	at okhttp3.internal.http.RealInterceptorChain.proceed(RealInterceptorChain.java:147)
      	at okhttp3.internal.http.RealInterceptorChain.proceed(RealInterceptorChain.java:121)
      	at okhttp3.internal.http.BridgeInterceptor.intercept(BridgeInterceptor.java:93)
      	at okhttp3.internal.http.RealInterceptorChain.proceed(RealInterceptorChain.java:147)
      	at okhttp3.internal.http.RetryAndFollowUpInterceptor.intercept(RetryAndFollowUpInterceptor.java:125)
      	at okhttp3.internal.http.RealInterceptorChain.proceed(RealInterceptorChain.java:147)
      	at okhttp3.internal.http.RealInterceptorChain.proceed(RealInterceptorChain.java:121)
      	at okhttp3.RealCall.getResponseWithInterceptorChain(RealCall.java:200)
      	at okhttp3.RealCall.execute(RealCall.java:77)
      	at org.openqa.selenium.remote.internal.OkHttpClient.execute(OkHttpClient.java:101)
      	at org.openqa.selenium.remote.ProtocolHandshake.createSession(ProtocolHandshake.java:101)
      	at org.openqa.selenium.remote.ProtocolHandshake.createSession(ProtocolHandshake.java:73)
      	at org.openqa.selenium.remote.HttpCommandExecutor.execute(HttpCommandExecutor.java:136)
      	at org.openqa.selenium.remote.service.DriverCommandExecutor.execute(DriverCommandExecutor.java:83)
      	at org.openqa.selenium.remote.RemoteWebDriver.execute(RemoteWebDriver.java:545)
      	at org.openqa.selenium.remote.RemoteWebDriver.startSession(RemoteWebDriver.java:209)
      	at org.openqa.selenium.remote.RemoteWebDriver.<init>(RemoteWebDriver.java:132)
      	at org.openqa.selenium.firefox.FirefoxDriver.<init>(FirefoxDriver.java:120)
      	at org.openqa.selenium.firefox.FirefoxDriver.<init>(FirefoxDriver.java:98)
      	at StepDefinitions.Login.iNavigateToDevGiftrtCom(Login.java:21)
      	at sun.reflect.NativeMethodAccessorImpl.invoke0(Native Method)
      	at sun.reflect.NativeMethodAccessorImpl.invoke(NativeMethodAccessorImpl.java:62)
      	at sun.reflect.DelegatingMethodAccessorImpl.invoke(DelegatingMethodAccessorImpl.java:43)
      	at java.lang.reflect.Method.invoke(Method.java:498)
      	at cucumber.runtime.Utils$1.call(Utils.java:40)
      	at cucumber.runtime.Timeout.timeout(Timeout.java:16)
      	at cucumber.runtime.Utils.invoke(Utils.java:34)
      	at cucumber.runtime.java.JavaStepDefinition.execute(JavaStepDefinition.java:38)
      	at cucumber.runtime.StepDefinitionMatch.runStep(StepDefinitionMatch.java:37)
      	at cucumber.runtime.Runtime.runStep(Runtime.java:300)
      	at cucumber.runtime.model.StepContainer.runStep(StepContainer.java:44)
      	at cucumber.runtime.model.StepContainer.runSteps(StepContainer.java:39)
      	at cucumber.runtime.model.CucumberScenario.run(CucumberScenario.java:44)
      	at cucumber.runtime.model.CucumberFeature.run(CucumberFeature.java:165)
      	at cucumber.api.testng.TestNGCucumberRunner.runCucumber(TestNGCucumberRunner.java:63)
      	at runners.TestRunner.feature(TestRunner.java:31)
      	at sun.reflect.NativeMethodAccessorImpl.invoke0(Native Method)
      	at sun.reflect.NativeMethodAccessorImpl.invoke(NativeMethodAccessorImpl.java:62)
      	at sun.reflect.DelegatingMethodAccessorImpl.invoke(DelegatingMethodAccessorImpl.java:43)
      	at java.lang.reflect.Method.invoke(Method.java:498)
      	at org.testng.internal.MethodInvocationHelper.invokeMethod(MethodInvocationHelper.java:124)
      	at org.testng.internal.Invoker.invokeMethod(Invoker.java:583)
      	at org.testng.internal.Invoker.invokeTestMethod(Invoker.java:719)
      	at org.testng.internal.Invoker.invokeTestMethods(Invoker.java:989)
      	at org.testng.internal.TestMethodWorker.invokeTestMethods(TestMethodWorker.java:125)
      	at org.testng.internal.TestMethodWorker.run(TestMethodWorker.java:109)
      	at org.testng.TestRunner.privateRun(TestRunner.java:648)
      	at org.testng.TestRunner.run(TestRunner.java:505)
      	at org.testng.SuiteRunner.runTest(SuiteRunner.java:455)
      	at org.testng.SuiteRunner.access$000(SuiteRunner.java:40)
      	at org.testng.SuiteRunner$SuiteWorker.run(SuiteRunner.java:489)
      	at org.testng.internal.thread.ThreadUtil$1.call(ThreadUtil.java:52)
      	at java.util.concurrent.FutureTask.run(FutureTask.java:266)
      	at java.util.concurrent.ThreadPoolExecutor.runWorker(ThreadPoolExecutor.java:1149)
      	at java.util.concurrent.ThreadPoolExecutor$Worker.run(ThreadPoolExecutor.java:624)
      	at java.lang.Thread.run(Thread.java:748)
      Caused by: java.net.ConnectException: Connection refused (Connection refused)
      	at java.net.PlainSocketImpl.socketConnect(Native Method)
      	at java.net.AbstractPlainSocketImpl.doConnect(AbstractPlainSocketImpl.java:350)
      	at java.net.AbstractPlainSocketImpl.connectToAddress(AbstractPlainSocketImpl.java:206)
      	at java.net.AbstractPlainSocketImpl.connect(AbstractPlainSocketImpl.java:188)
      	at java.net.SocksSocketImpl.connect(SocksSocketImpl.java:392)
      	at java.net.Socket.connect(Socket.java:589)
      	at okhttp3.internal.platform.Platform.connectSocket(Platform.java:125)
      	at okhttp3.internal.connection.RealConnection.connectSocket(RealConnection.java:238)
      	... 64 more
      &amp#27;[0m
    &amp#27;[36mWhen &amp#27;[0m&amp#27;[36mI click on register link&amp#27;[0m           &amp#27;[90m# RegistrationSteps.iClickOnRegisterLink()&amp#27;[0m
    &amp#27;[36mAnd &amp#27;[0m&amp#27;[36mI fill in all the registration data&amp#27;[0m &amp#27;[90m# RegistrationSteps.i_fill_in_all_the_registration_data()&amp#27;[0m
    &amp#27;[36mAnd &amp#27;[0m&amp#27;[36mI click on the sign up button&amp#27;[0m       &amp#27;[90m# RegistrationSteps.iClickOnTheSignUpButton()&amp#27;[0m
    &amp#27;[36mThen &amp#27;[0m&amp#27;[36mI should be registered&amp#27;[0m             &amp#27;[90m# RegistrationSteps.iShouldBeRegistered()&amp#27;[0m

  Scenario: Invalid Registration            &amp#27;[90m# registration.feature:12&amp#27;[0m
    &amp#27;[31mGiven &amp#27;[0m&amp#27;[31mI navigate to dev.giftrt.com&amp#27;[0m      &amp#27;[90m# Login.iNavigateToDevGiftrtCom()&amp#27;[0m
      &amp#27;[31morg.openqa.selenium.WebDriverException: java.net.ConnectException: Failed to connect to localhost/0:0:0:0:0:0:0:1:40578
      Build info: version: '3.11.0', revision: 'e59cfb3', time: '2018-03-11T20:26:55.152Z'
      System info: host: 'Oluwaseuns-MacBook-Air.local', ip: 'fe80:0:0:0:31:e06c:6b0c:1021%en0', os.name: 'Mac OS X', os.arch: 'x86_64', os.version: '10.15.4', java.version: '1.8.0_144'
      Driver info: driver.version: FirefoxDriver
      	at org.openqa.selenium.remote.service.DriverCommandExecutor.execute(DriverCommandExecutor.java:92)
      	at org.openqa.selenium.remote.RemoteWebDriver.execute(RemoteWebDriver.java:545)
      	at org.openqa.selenium.remote.RemoteWebDriver.startSession(RemoteWebDriver.java:209)
      	at org.openqa.selenium.remote.RemoteWebDriver.<init>(RemoteWebDriver.java:132)
      	at org.openqa.selenium.firefox.FirefoxDriver.<init>(FirefoxDriver.java:120)
      	at org.openqa.selenium.firefox.FirefoxDriver.<init>(FirefoxDriver.java:98)
      	at StepDefinitions.Login.iNavigateToDevGiftrtCom(Login.java:21)
      	at ✽.Given I navigate to dev.giftrt.com(registration.feature:13)
      Caused by: java.net.ConnectException: Failed to connect to localhost/0:0:0:0:0:0:0:1:40578
      	at okhttp3.internal.connection.RealConnection.connectSocket(RealConnection.java:240)
      	at okhttp3.internal.connection.RealConnection.connect(RealConnection.java:158)
      	at okhttp3.internal.connection.StreamAllocation.findConnection(StreamAllocation.java:256)
      	at okhttp3.internal.connection.StreamAllocation.findHealthyConnection(StreamAllocation.java:134)
      	at okhttp3.internal.connection.StreamAllocation.newStream(StreamAllocation.java:113)
      	at okhttp3.internal.connection.ConnectInterceptor.intercept(ConnectInterceptor.java:42)
      	at okhttp3.internal.http.RealInterceptorChain.proceed(RealInterceptorChain.java:147)
      	at okhttp3.internal.http.RealInterceptorChain.proceed(RealInterceptorChain.java:121)
      	at okhttp3.internal.cache.CacheInterceptor.intercept(CacheInterceptor.java:93)
      	at okhttp3.internal.http.RealInterceptorChain.proceed(RealInterceptorChain.java:147)
      	at okhttp3.internal.http.RealInterceptorChain.proceed(RealInterceptorChain.java:121)
      	at okhttp3.internal.http.BridgeInterceptor.intercept(BridgeInterceptor.java:93)
      	at okhttp3.internal.http.RealInterceptorChain.proceed(RealInterceptorChain.java:147)
      	at okhttp3.internal.http.RetryAndFollowUpInterceptor.intercept(RetryAndFollowUpInterceptor.java:125)
      	at okhttp3.internal.http.RealInterceptorChain.proceed(RealInterceptorChain.java:147)
      	at okhttp3.internal.http.RealInterceptorChain.proceed(RealInterceptorChain.java:121)
      	at okhttp3.RealCall.getResponseWithInterceptorChain(RealCall.java:200)
      	at okhttp3.RealCall.execute(RealCall.java:77)
      	at org.openqa.selenium.remote.internal.OkHttpClient.execute(OkHttpClient.java:101)
      	at org.openqa.selenium.remote.ProtocolHandshake.createSession(ProtocolHandshake.java:101)
      	at org.openqa.selenium.remote.ProtocolHandshake.createSession(ProtocolHandshake.java:73)
      	at org.openqa.selenium.remote.HttpCommandExecutor.execute(HttpCommandExecutor.java:136)
      	at org.openqa.selenium.remote.service.DriverCommandExecutor.execute(DriverCommandExecutor.java:83)
      	at org.openqa.selenium.remote.RemoteWebDriver.execute(RemoteWebDriver.java:545)
      	at org.openqa.selenium.remote.RemoteWebDriver.startSession(RemoteWebDriver.java:209)
      	at org.openqa.selenium.remote.RemoteWebDriver.<init>(RemoteWebDriver.java:132)
      	at org.openqa.selenium.firefox.FirefoxDriver.<init>(FirefoxDriver.java:120)
      	at org.openqa.selenium.firefox.FirefoxDriver.<init>(FirefoxDriver.java:98)
      	at StepDefinitions.Login.iNavigateToDevGiftrtCom(Login.java:21)
      	at sun.reflect.NativeMethodAccessorImpl.invoke0(Native Method)
      	at sun.reflect.NativeMethodAccessorImpl.invoke(NativeMethodAccessorImpl.java:62)
      	at sun.reflect.DelegatingMethodAccessorImpl.invoke(DelegatingMethodAccessorImpl.java:43)
      	at java.lang.reflect.Method.invoke(Method.java:498)
      	at cucumber.runtime.Utils$1.call(Utils.java:40)
      	at cucumber.runtime.Timeout.timeout(Timeout.java:16)
      	at cucumber.runtime.Utils.invoke(Utils.java:34)
      	at cucumber.runtime.java.JavaStepDefinition.execute(JavaStepDefinition.java:38)
      	at cucumber.runtime.StepDefinitionMatch.runStep(StepDefinitionMatch.java:37)
      	at cucumber.runtime.Runtime.runStep(Runtime.java:300)
      	at cucumber.runtime.model.StepContainer.runStep(StepContainer.java:44)
      	at cucumber.runtime.model.StepContainer.runSteps(StepContainer.java:39)
      	at cucumber.runtime.model.CucumberScenario.run(CucumberScenario.java:44)
      	at cucumber.runtime.model.CucumberFeature.run(CucumberFeature.java:165)
      	at cucumber.api.testng.TestNGCucumberRunner.runCucumber(TestNGCucumberRunner.java:63)
      	at runners.TestRunner.feature(TestRunner.java:31)
      	at sun.reflect.NativeMethodAccessorImpl.invoke0(Native Method)
      	at sun.reflect.NativeMethodAccessorImpl.invoke(NativeMethodAccessorImpl.java:62)
      	at sun.reflect.DelegatingMethodAccessorImpl.invoke(DelegatingMethodAccessorImpl.java:43)
      	at java.lang.reflect.Method.invoke(Method.java:498)
      	at org.testng.internal.MethodInvocationHelper.invokeMethod(MethodInvocationHelper.java:124)
      	at org.testng.internal.Invoker.invokeMethod(Invoker.java:583)
      	at org.testng.internal.Invoker.invokeTestMethod(Invoker.java:719)
      	at org.testng.internal.Invoker.invokeTestMethods(Invoker.java:989)
      	at org.testng.internal.TestMethodWorker.invokeTestMethods(TestMethodWorker.java:125)
      	at org.testng.internal.TestMethodWorker.run(TestMethodWorker.java:109)
      	at org.testng.TestRunner.privateRun(TestRunner.java:648)
      	at org.testng.TestRunner.run(TestRunner.java:505)
      	at org.testng.SuiteRunner.runTest(SuiteRunner.java:455)
      	at org.testng.SuiteRunner.access$000(SuiteRunner.java:40)
      	at org.testng.SuiteRunner$SuiteWorker.run(SuiteRunner.java:489)
      	at org.testng.internal.thread.ThreadUtil$1.call(ThreadUtil.java:52)
      	at java.util.concurrent.FutureTask.run(FutureTask.java:266)
      	at java.util.concurrent.ThreadPoolExecutor.runWorker(ThreadPoolExecutor.java:1149)
      	at java.util.concurrent.ThreadPoolExecutor$Worker.run(ThreadPoolExecutor.java:624)
      	at java.lang.Thread.run(Thread.java:748)
      Caused by: java.net.ConnectException: Connection refused (Connection refused)
      	at java.net.PlainSocketImpl.socketConnect(Native Method)
      	at java.net.AbstractPlainSocketImpl.doConnect(AbstractPlainSocketImpl.java:350)
      	at java.net.AbstractPlainSocketImpl.connectToAddress(AbstractPlainSocketImpl.java:206)
      	at java.net.AbstractPlainSocketImpl.connect(AbstractPlainSocketImpl.java:188)
      	at java.net.SocksSocketImpl.connect(SocksSocketImpl.java:392)
      	at java.net.Socket.connect(Socket.java:589)
      	at okhttp3.internal.platform.Platform.connectSocket(Platform.java:125)
      	at okhttp3.internal.connection.RealConnection.connectSocket(RealConnection.java:238)
      	... 64 more
      &amp#27;[0m
    &amp#27;[36mWhen &amp#27;[0m&amp#27;[36mI click on register link&amp#27;[0m           &amp#27;[90m# RegistrationSteps.iClickOnRegisterLink()&amp#27;[0m
    &amp#27;[36mAnd &amp#27;[0m&amp#27;[36mI fill in all the registration data&amp#27;[0m &amp#27;[90m# RegistrationSteps.i_fill_in_all_the_registration_data()&amp#27;[0m
    &amp#27;[36mAnd &amp#27;[0m&amp#27;[36mI click on the sign up button&amp#27;[0m       &amp#27;[90m# RegistrationSteps.iClickOnTheSignUpButton()&amp#27;[0m
    &amp#27;[36mThen &amp#27;[0m&amp#27;[36mI should not be registered&amp#27;[0m         &amp#27;[90m# RegistrationSteps.iShouldNotBeRegistered()&amp#27;[0m
]]></system-out>
  </testcase>
</testsuite>