<?xml version="1.0" encoding="UTF-8"?>
<!-- Generated by org.testng.reporters.JUnitReportReporter -->
<testsuite skipped="0" hostname="Oluwaseuns-MacBook-Air.local" name="runners.TestRunner" tests="3" failures="0" timestamp="09 Jul 2018 19:59:42 GMT" time="82.802" errors="0">
  <testcase name="feature" time="82.734" classname="runners.TestRunner"/>
  <testcase name="feature" time="0.047" classname="runners.TestRunner"/>
  <testcase name="feature" time="0.021" classname="runners.TestRunner"/>
</testsuite> <!-- runners.TestRunner -->
